ERROR - 2023-01-20 15:55:11 --> mysqli_sql_exception: Unknown column 'sl_no' in 'field list' in /home/hiranya/Desktop/Neo/Projects/Netro/lottery/main/system/Database/MySQLi/Connection.php:292
Stack trace:
#0 /home/hiranya/Desktop/Neo/Projects/Netro/lottery/main/system/Database/MySQLi/Connection.php(292): mysqli->query()
#1 /home/hiranya/Desktop/Neo/Projects/Netro/lottery/main/system/Database/BaseConnection.php(693): CodeIgniter\Database\MySQLi\Connection->execute()
#2 /home/hiranya/Desktop/Neo/Projects/Netro/lottery/main/system/Database/BaseConnection.php(620): CodeIgniter\Database\BaseConnection->simpleQuery()
#3 /home/hiranya/Desktop/Neo/Projects/Netro/lottery/main/system/Database/BaseBuilder.php(1585): CodeIgniter\Database\BaseConnection->query()
#4 /home/hiranya/Desktop/Neo/Projects/Netro/lottery/main/system/Model.php(185): CodeIgniter\Database\BaseBuilder->get()
#5 /home/hiranya/Desktop/Neo/Projects/Netro/lottery/main/system/BaseModel.php(523): CodeIgniter\Model->doFind()
#6 /home/hiranya/Desktop/Neo/Projects/Netro/lottery/main/app/Controllers/Home.php(28): CodeIgniter\BaseModel->find()
#7 /home/hiranya/Desktop/Neo/Projects/Netro/lottery/main/system/CodeIgniter.php(902): App\Controllers\Home->details()
#8 /home/hiranya/Desktop/Neo/Projects/Netro/lottery/main/system/CodeIgniter.php(457): CodeIgniter\CodeIgniter->runController()
#9 /home/hiranya/Desktop/Neo/Projects/Netro/lottery/main/system/CodeIgniter.php(340): CodeIgniter\CodeIgniter->handleRequest()
#10 /home/hiranya/Desktop/Neo/Projects/Netro/lottery/main/public/index.php(67): CodeIgniter\CodeIgniter->run()
#11 /home/hiranya/Desktop/Neo/Projects/Netro/lottery/main/system/Commands/Server/rewrite.php(46): require_once('/home/hiranya/D...')
#12 {main}
CRITICAL - 2023-01-20 15:55:11 --> Call to a member function getResult() on bool
in SYSTEMPATH/Model.php on line 185.
 1 SYSTEMPATH/BaseModel.php(523): CodeIgniter\Model->doFind()
 2 APPPATH/Controllers/Home.php(28): CodeIgniter\BaseModel->find()
 3 SYSTEMPATH/CodeIgniter.php(902): App\Controllers\Home->details()
 4 SYSTEMPATH/CodeIgniter.php(457): CodeIgniter\CodeIgniter->runController()
 5 SYSTEMPATH/CodeIgniter.php(340): CodeIgniter\CodeIgniter->handleRequest()
 6 FCPATH/index.php(67): CodeIgniter\CodeIgniter->run()
 7 SYSTEMPATH/Commands/Server/rewrite.php(46): require_once('FCPATH/index.php')
CRITICAL - 2023-01-20 15:57:29 --> count(): Parameter must be an array or an object that implements Countable
in APPPATH/Controllers/Home.php on line 31.
 1 [internal function]: CodeIgniter\Debug\Exceptions->errorHandler()
 2 APPPATH/Controllers/Home.php(31): count()
 3 SYSTEMPATH/CodeIgniter.php(902): App\Controllers\Home->details()
 4 SYSTEMPATH/CodeIgniter.php(457): CodeIgniter\CodeIgniter->runController()
 5 SYSTEMPATH/CodeIgniter.php(340): CodeIgniter\CodeIgniter->handleRequest()
 6 FCPATH/index.php(67): CodeIgniter\CodeIgniter->run()
 7 SYSTEMPATH/Commands/Server/rewrite.php(46): require_once('FCPATH/index.php')
CRITICAL - 2023-01-20 16:03:00 --> Call to undefined function App\Controllers\dump()
in APPPATH/Controllers/Home.php on line 31.
 1 SYSTEMPATH/CodeIgniter.php(902): App\Controllers\Home->details()
 2 SYSTEMPATH/CodeIgniter.php(457): CodeIgniter\CodeIgniter->runController()
 3 SYSTEMPATH/CodeIgniter.php(340): CodeIgniter\CodeIgniter->handleRequest()
 4 FCPATH/index.php(67): CodeIgniter\CodeIgniter->run()
 5 SYSTEMPATH/Commands/Server/rewrite.php(46): require_once('FCPATH/index.php')
CRITICAL - 2023-01-20 16:03:51 --> Object of class App\Controllers\Home could not be converted to string
in APPPATH/Controllers/Home.php on line 32.
 1 SYSTEMPATH/CodeIgniter.php(902): App\Controllers\Home->details()
 2 SYSTEMPATH/CodeIgniter.php(457): CodeIgniter\CodeIgniter->runController()
 3 SYSTEMPATH/CodeIgniter.php(340): CodeIgniter\CodeIgniter->handleRequest()
 4 FCPATH/index.php(67): CodeIgniter\CodeIgniter->run()
 5 SYSTEMPATH/Commands/Server/rewrite.php(46): require_once('FCPATH/index.php')
CRITICAL - 2023-01-20 16:04:07 --> Call to undefined method App\Models\TicketModel::erros
in SYSTEMPATH/Model.php on line 774.
 1 APPPATH/Controllers/Home.php(31): CodeIgniter\Model->__call()
 2 SYSTEMPATH/CodeIgniter.php(902): App\Controllers\Home->details()
 3 SYSTEMPATH/CodeIgniter.php(457): CodeIgniter\CodeIgniter->runController()
 4 SYSTEMPATH/CodeIgniter.php(340): CodeIgniter\CodeIgniter->handleRequest()
 5 FCPATH/index.php(67): CodeIgniter\CodeIgniter->run()
 6 SYSTEMPATH/Commands/Server/rewrite.php(46): require_once('FCPATH/index.php')
