ERROR - 2023-01-05 00:01:25 --> mysqli_sql_exception: Field 'descriptions' doesn't have a default value in /home/hiranya/Desktop/Projects/Netro/lottery/main/system/Database/MySQLi/Connection.php:292
Stack trace:
#0 /home/hiranya/Desktop/Projects/Netro/lottery/main/system/Database/MySQLi/Connection.php(292): mysqli->query()
#1 /home/hiranya/Desktop/Projects/Netro/lottery/main/system/Database/BaseConnection.php(693): CodeIgniter\Database\MySQLi\Connection->execute()
#2 /home/hiranya/Desktop/Projects/Netro/lottery/main/system/Database/BaseConnection.php(620): CodeIgniter\Database\BaseConnection->simpleQuery()
#3 /home/hiranya/Desktop/Projects/Netro/lottery/main/system/Database/BaseBuilder.php(1916): CodeIgniter\Database\BaseConnection->query()
#4 /home/hiranya/Desktop/Projects/Netro/lottery/main/system/Model.php(279): CodeIgniter\Database\BaseBuilder->insert()
#5 /home/hiranya/Desktop/Projects/Netro/lottery/main/system/BaseModel.php(748): CodeIgniter\Model->doInsert()
#6 /home/hiranya/Desktop/Projects/Netro/lottery/main/system/Model.php(667): CodeIgniter\BaseModel->insert()
#7 /home/hiranya/Desktop/Projects/Netro/lottery/main/system/BaseModel.php(658): CodeIgniter\Model->insert()
#8 /home/hiranya/Desktop/Projects/Netro/lottery/main/app/Controllers/GameController.php(39): CodeIgniter\BaseModel->save()
#9 /home/hiranya/Desktop/Projects/Netro/lottery/main/system/CodeIgniter.php(902): App\Controllers\GameController->create()
#10 /home/hiranya/Desktop/Projects/Netro/lottery/main/system/CodeIgniter.php(457): CodeIgniter\CodeIgniter->runController()
#11 /home/hiranya/Desktop/Projects/Netro/lottery/main/system/CodeIgniter.php(340): CodeIgniter\CodeIgniter->handleRequest()
#12 /home/hiranya/Desktop/Projects/Netro/lottery/main/public/index.php(67): CodeIgniter\CodeIgniter->run()
#13 /home/hiranya/Desktop/Projects/Netro/lottery/main/system/Commands/Server/rewrite.php(46): require_once('/home/hiranya/D...')
#14 {main}
CRITICAL - 2023-01-05 22:34:57 --> Invalid file: pages/admin/game.php
in SYSTEMPATH/Exceptions/FrameworkException.php on line 33.
 1 SYSTEMPATH/View/View.php(201): CodeIgniter\Exceptions\FrameworkException::forInvalidFile()
 2 SYSTEMPATH/Common.php(1142): CodeIgniter\View\View->render()
 3 APPPATH/Controllers/GameController.php(23): view()
 4 SYSTEMPATH/CodeIgniter.php(902): App\Controllers\GameController->index()
 5 SYSTEMPATH/CodeIgniter.php(457): CodeIgniter\CodeIgniter->runController()
 6 SYSTEMPATH/CodeIgniter.php(340): CodeIgniter\CodeIgniter->handleRequest()
 7 FCPATH/index.php(67): CodeIgniter\CodeIgniter->run()
 8 SYSTEMPATH/Commands/Server/rewrite.php(46): require_once('FCPATH/index.php')
CRITICAL - 2023-01-05 22:35:22 --> Invalid file: admin.php
in SYSTEMPATH/Exceptions/FrameworkException.php on line 33.
 1 SYSTEMPATH/View/View.php(201): CodeIgniter\Exceptions\FrameworkException::forInvalidFile()
 2 SYSTEMPATH/View/View.php(229): CodeIgniter\View\View->render()
 3 SYSTEMPATH/Common.php(1142): CodeIgniter\View\View->render()
 4 APPPATH/Controllers/GameController.php(21): view()
 5 SYSTEMPATH/CodeIgniter.php(902): App\Controllers\GameController->index()
 6 SYSTEMPATH/CodeIgniter.php(457): CodeIgniter\CodeIgniter->runController()
 7 SYSTEMPATH/CodeIgniter.php(340): CodeIgniter\CodeIgniter->handleRequest()
 8 FCPATH/index.php(67): CodeIgniter\CodeIgniter->run()
 9 SYSTEMPATH/Commands/Server/rewrite.php(46): require_once('FCPATH/index.php')
