CRITICAL - 2023-01-10 16:00:22 --> maxlength is not a valid rule.
in SYSTEMPATH/Validation/Validation.php on line 323.
 1 SYSTEMPATH/Validation/Validation.php(323): CodeIgniter\Validation\Exceptions\ValidationException::forRuleNotFound()
 2 SYSTEMPATH/Validation/Validation.php(175): CodeIgniter\Validation\Validation->processRules()
 3 SYSTEMPATH/BaseModel.php(1370): CodeIgniter\Validation\Validation->run()
 4 SYSTEMPATH/BaseModel.php(855): CodeIgniter\BaseModel->validate()
 5 SYSTEMPATH/Model.php(693): CodeIgniter\BaseModel->update()
 6 SYSTEMPATH/BaseModel.php(656): CodeIgniter\Model->update()
 7 APPPATH/Controllers/GameController.php(120): CodeIgniter\BaseModel->save()
 8 SYSTEMPATH/CodeIgniter.php(902): App\Controllers\GameController->update()
 9 SYSTEMPATH/CodeIgniter.php(457): CodeIgniter\CodeIgniter->runController()
10 SYSTEMPATH/CodeIgniter.php(340): CodeIgniter\CodeIgniter->handleRequest()
11 FCPATH/index.php(67): CodeIgniter\CodeIgniter->run()
12 SYSTEMPATH/Commands/Server/rewrite.php(46): require_once('FCPATH/index.php')
CRITICAL - 2023-01-10 16:24:42 --> Call to undefined method Config\View::item()
in APPPATH/Views/layouts/admin.php on line 31.
 1 SYSTEMPATH/View/View.php(213): include()
 2 SYSTEMPATH/View/View.php(216): CodeIgniter\View\View->CodeIgniter\View\{closure}()
 3 SYSTEMPATH/View/View.php(229): CodeIgniter\View\View->render()
 4 SYSTEMPATH/Common.php(1142): CodeIgniter\View\View->render()
 5 APPPATH/Controllers/LoginController.php(49): view()
 6 SYSTEMPATH/CodeIgniter.php(902): App\Controllers\LoginController->dashboard()
 7 SYSTEMPATH/CodeIgniter.php(457): CodeIgniter\CodeIgniter->runController()
 8 SYSTEMPATH/CodeIgniter.php(340): CodeIgniter\CodeIgniter->handleRequest()
 9 FCPATH/index.php(67): CodeIgniter\CodeIgniter->run()
10 SYSTEMPATH/Commands/Server/rewrite.php(46): require_once('FCPATH/index.php')
CRITICAL - 2023-01-10 16:25:50 --> Call to undefined function config_item()
in APPPATH/Views/layouts/admin.php on line 31.
 1 SYSTEMPATH/View/View.php(213): include()
 2 SYSTEMPATH/View/View.php(216): CodeIgniter\View\View->CodeIgniter\View\{closure}()
 3 SYSTEMPATH/View/View.php(229): CodeIgniter\View\View->render()
 4 SYSTEMPATH/Common.php(1142): CodeIgniter\View\View->render()
 5 APPPATH/Controllers/LoginController.php(49): view()
 6 SYSTEMPATH/CodeIgniter.php(902): App\Controllers\LoginController->dashboard()
 7 SYSTEMPATH/CodeIgniter.php(457): CodeIgniter\CodeIgniter->runController()
 8 SYSTEMPATH/CodeIgniter.php(340): CodeIgniter\CodeIgniter->handleRequest()
 9 FCPATH/index.php(67): CodeIgniter\CodeIgniter->run()
10 SYSTEMPATH/Commands/Server/rewrite.php(46): require_once('FCPATH/index.php')
CRITICAL - 2023-01-10 16:31:21 --> Call to undefined function get_instance()
in APPPATH/Views/layouts/admin.php on line 2.
 1 SYSTEMPATH/View/View.php(213): include()
 2 SYSTEMPATH/View/View.php(216): CodeIgniter\View\View->CodeIgniter\View\{closure}()
 3 SYSTEMPATH/View/View.php(229): CodeIgniter\View\View->render()
 4 SYSTEMPATH/Common.php(1142): CodeIgniter\View\View->render()
 5 APPPATH/Controllers/LoginController.php(49): view()
 6 SYSTEMPATH/CodeIgniter.php(902): App\Controllers\LoginController->dashboard()
 7 SYSTEMPATH/CodeIgniter.php(457): CodeIgniter\CodeIgniter->runController()
 8 SYSTEMPATH/CodeIgniter.php(340): CodeIgniter\CodeIgniter->handleRequest()
 9 FCPATH/index.php(67): CodeIgniter\CodeIgniter->run()
10 SYSTEMPATH/Commands/Server/rewrite.php(46): require_once('FCPATH/index.php')
CRITICAL - 2023-01-10 16:32:23 --> Call to undefined function get_instance()
in APPPATH/Views/layouts/admin.php on line 2.
 1 SYSTEMPATH/View/View.php(213): include()
 2 SYSTEMPATH/View/View.php(216): CodeIgniter\View\View->CodeIgniter\View\{closure}()
 3 SYSTEMPATH/View/View.php(229): CodeIgniter\View\View->render()
 4 SYSTEMPATH/Common.php(1142): CodeIgniter\View\View->render()
 5 APPPATH/Controllers/LoginController.php(49): view()
 6 SYSTEMPATH/CodeIgniter.php(902): App\Controllers\LoginController->dashboard()
 7 SYSTEMPATH/CodeIgniter.php(457): CodeIgniter\CodeIgniter->runController()
 8 SYSTEMPATH/CodeIgniter.php(340): CodeIgniter\CodeIgniter->handleRequest()
 9 FCPATH/index.php(67): CodeIgniter\CodeIgniter->run()
10 SYSTEMPATH/Commands/Server/rewrite.php(46): require_once('FCPATH/index.php')
CRITICAL - 2023-01-10 16:34:04 --> Call to undefined function get_instance()
in APPPATH/Views/layouts/admin.php on line 2.
 1 SYSTEMPATH/View/View.php(213): include()
 2 SYSTEMPATH/View/View.php(216): CodeIgniter\View\View->CodeIgniter\View\{closure}()
 3 SYSTEMPATH/View/View.php(229): CodeIgniter\View\View->render()
 4 SYSTEMPATH/Common.php(1142): CodeIgniter\View\View->render()
 5 APPPATH/Controllers/LoginController.php(49): view()
 6 SYSTEMPATH/CodeIgniter.php(902): App\Controllers\LoginController->dashboard()
 7 SYSTEMPATH/CodeIgniter.php(457): CodeIgniter\CodeIgniter->runController()
 8 SYSTEMPATH/CodeIgniter.php(340): CodeIgniter\CodeIgniter->handleRequest()
 9 FCPATH/index.php(67): CodeIgniter\CodeIgniter->run()
10 SYSTEMPATH/Commands/Server/rewrite.php(46): require_once('FCPATH/index.php')
CRITICAL - 2023-01-10 17:15:12 --> finfo_file(/tmp/phpKK7UGe): failed to open stream: No such file or directory
in SYSTEMPATH/Files/File.php on line 114.
 1 [internal function]: CodeIgniter\Debug\Exceptions->errorHandler()
 2 SYSTEMPATH/Files/File.php(114): finfo_file()
 3 SYSTEMPATH/Validation/FileRules.php(176): CodeIgniter\Files\File->getMimeType()
 4 SYSTEMPATH/Validation/Validation.php(315): CodeIgniter\Validation\FileRules->mime_in()
 5 SYSTEMPATH/Validation/Validation.php(175): CodeIgniter\Validation\Validation->processRules()
 6 SYSTEMPATH/BaseModel.php(1370): CodeIgniter\Validation\Validation->run()
 7 SYSTEMPATH/BaseModel.php(855): CodeIgniter\BaseModel->validate()
 8 SYSTEMPATH/Model.php(693): CodeIgniter\BaseModel->update()
 9 SYSTEMPATH/BaseModel.php(656): CodeIgniter\Model->update()
10 APPPATH/Controllers/GameController.php(120): CodeIgniter\BaseModel->save()
11 SYSTEMPATH/CodeIgniter.php(902): App\Controllers\GameController->update()
12 SYSTEMPATH/CodeIgniter.php(457): CodeIgniter\CodeIgniter->runController()
13 SYSTEMPATH/CodeIgniter.php(340): CodeIgniter\CodeIgniter->handleRequest()
14 FCPATH/index.php(67): CodeIgniter\CodeIgniter->run()
15 SYSTEMPATH/Commands/Server/rewrite.php(46): require_once('FCPATH/index.php')
CRITICAL - 2023-01-10 17:16:28 --> finfo_file(/tmp/phpkEn6Ic): failed to open stream: No such file or directory
in SYSTEMPATH/Files/File.php on line 114.
 1 [internal function]: CodeIgniter\Debug\Exceptions->errorHandler()
 2 SYSTEMPATH/Files/File.php(114): finfo_file()
 3 SYSTEMPATH/Validation/FileRules.php(176): CodeIgniter\Files\File->getMimeType()
 4 SYSTEMPATH/Validation/Validation.php(315): CodeIgniter\Validation\FileRules->mime_in()
 5 SYSTEMPATH/Validation/Validation.php(175): CodeIgniter\Validation\Validation->processRules()
 6 SYSTEMPATH/BaseModel.php(1370): CodeIgniter\Validation\Validation->run()
 7 SYSTEMPATH/BaseModel.php(711): CodeIgniter\BaseModel->validate()
 8 SYSTEMPATH/Model.php(667): CodeIgniter\BaseModel->insert()
 9 SYSTEMPATH/BaseModel.php(658): CodeIgniter\Model->insert()
10 APPPATH/Controllers/GameController.php(81): CodeIgniter\BaseModel->save()
11 SYSTEMPATH/CodeIgniter.php(902): App\Controllers\GameController->create()
12 SYSTEMPATH/CodeIgniter.php(457): CodeIgniter\CodeIgniter->runController()
13 SYSTEMPATH/CodeIgniter.php(340): CodeIgniter\CodeIgniter->handleRequest()
14 FCPATH/index.php(67): CodeIgniter\CodeIgniter->run()
15 SYSTEMPATH/Commands/Server/rewrite.php(46): require_once('FCPATH/index.php')
CRITICAL - 2023-01-10 17:18:44 --> Call to undefined function set_value()
in APPPATH/Views/admin/game/index.php on line 182.
 1 SYSTEMPATH/View/View.php(213): include()
 2 SYSTEMPATH/View/View.php(216): CodeIgniter\View\View->CodeIgniter\View\{closure}()
 3 SYSTEMPATH/Common.php(1142): CodeIgniter\View\View->render()
 4 APPPATH/Controllers/GameController.php(21): view()
 5 SYSTEMPATH/CodeIgniter.php(902): App\Controllers\GameController->index()
 6 SYSTEMPATH/CodeIgniter.php(457): CodeIgniter\CodeIgniter->runController()
 7 SYSTEMPATH/CodeIgniter.php(340): CodeIgniter\CodeIgniter->handleRequest()
 8 FCPATH/index.php(67): CodeIgniter\CodeIgniter->run()
 9 SYSTEMPATH/Commands/Server/rewrite.php(46): require_once('FCPATH/index.php')
CRITICAL - 2023-01-10 17:18:53 --> Call to undefined function set_values()
in APPPATH/Views/admin/game/index.php on line 182.
 1 SYSTEMPATH/View/View.php(213): include()
 2 SYSTEMPATH/View/View.php(216): CodeIgniter\View\View->CodeIgniter\View\{closure}()
 3 SYSTEMPATH/Common.php(1142): CodeIgniter\View\View->render()
 4 APPPATH/Controllers/GameController.php(21): view()
 5 SYSTEMPATH/CodeIgniter.php(902): App\Controllers\GameController->index()
 6 SYSTEMPATH/CodeIgniter.php(457): CodeIgniter\CodeIgniter->runController()
 7 SYSTEMPATH/CodeIgniter.php(340): CodeIgniter\CodeIgniter->handleRequest()
 8 FCPATH/index.php(67): CodeIgniter\CodeIgniter->run()
 9 SYSTEMPATH/Commands/Server/rewrite.php(46): require_once('FCPATH/index.php')
CRITICAL - 2023-01-10 17:18:56 --> Call to undefined function set_value()
in APPPATH/Views/admin/game/index.php on line 182.
 1 SYSTEMPATH/View/View.php(213): include()
 2 SYSTEMPATH/View/View.php(216): CodeIgniter\View\View->CodeIgniter\View\{closure}()
 3 SYSTEMPATH/Common.php(1142): CodeIgniter\View\View->render()
 4 APPPATH/Controllers/GameController.php(21): view()
 5 SYSTEMPATH/CodeIgniter.php(902): App\Controllers\GameController->index()
 6 SYSTEMPATH/CodeIgniter.php(457): CodeIgniter\CodeIgniter->runController()
 7 SYSTEMPATH/CodeIgniter.php(340): CodeIgniter\CodeIgniter->handleRequest()
 8 FCPATH/index.php(67): CodeIgniter\CodeIgniter->run()
 9 SYSTEMPATH/Commands/Server/rewrite.php(46): require_once('FCPATH/index.php')
CRITICAL - 2023-01-10 17:24:57 --> Call to undefined function set_value()
in APPPATH/Views/admin/game/index.php on line 239.
 1 SYSTEMPATH/View/View.php(213): include()
 2 SYSTEMPATH/View/View.php(216): CodeIgniter\View\View->CodeIgniter\View\{closure}()
 3 SYSTEMPATH/Common.php(1142): CodeIgniter\View\View->render()
 4 APPPATH/Controllers/GameController.php(21): view()
 5 SYSTEMPATH/CodeIgniter.php(902): App\Controllers\GameController->index()
 6 SYSTEMPATH/CodeIgniter.php(457): CodeIgniter\CodeIgniter->runController()
 7 SYSTEMPATH/CodeIgniter.php(340): CodeIgniter\CodeIgniter->handleRequest()
 8 FCPATH/index.php(67): CodeIgniter\CodeIgniter->run()
 9 SYSTEMPATH/Commands/Server/rewrite.php(46): require_once('FCPATH/index.php')
CRITICAL - 2023-01-10 18:01:53 --> Invalid file: erros/html/error_404.php
in SYSTEMPATH/Exceptions/FrameworkException.php on line 33.
 1 SYSTEMPATH/View/View.php(201): CodeIgniter\Exceptions\FrameworkException::forInvalidFile()
 2 SYSTEMPATH/Common.php(1142): CodeIgniter\View\View->render()
 3 APPPATH/Controllers/GameController.php(52): view()
 4 SYSTEMPATH/CodeIgniter.php(902): App\Controllers\GameController->getGameInfo()
 5 SYSTEMPATH/CodeIgniter.php(457): CodeIgniter\CodeIgniter->runController()
 6 SYSTEMPATH/CodeIgniter.php(340): CodeIgniter\CodeIgniter->handleRequest()
 7 FCPATH/index.php(67): CodeIgniter\CodeIgniter->run()
 8 SYSTEMPATH/Commands/Server/rewrite.php(46): require_once('FCPATH/index.php')
CRITICAL - 2023-01-10 19:28:52 --> syntax error, unexpected '}'
in APPPATH/Controllers/GameController.php on line 134.
 1 SYSTEMPATH/Autoloader/Autoloader.php(259): CodeIgniter\Autoloader\Autoloader->includeFile()
 2 SYSTEMPATH/Autoloader/Autoloader.php(237): CodeIgniter\Autoloader\Autoloader->loadInNamespace()
 3 [internal function]: CodeIgniter\Autoloader\Autoloader->loadClass()
 4 [internal function]: spl_autoload_call()
 5 SYSTEMPATH/CodeIgniter.php(852): class_exists()
 6 SYSTEMPATH/CodeIgniter.php(444): CodeIgniter\CodeIgniter->startController()
 7 SYSTEMPATH/CodeIgniter.php(340): CodeIgniter\CodeIgniter->handleRequest()
 8 FCPATH/index.php(67): CodeIgniter\CodeIgniter->run()
 9 SYSTEMPATH/Commands/Server/rewrite.php(46): require_once('FCPATH/index.php')
ERROR - 2023-01-10 20:00:47 --> mysqli_sql_exception: Field 'game_id' doesn't have a default value in /home/hiranya/Desktop/Projects/Netro/lottery/main/system/Database/MySQLi/Connection.php:292
Stack trace:
#0 /home/hiranya/Desktop/Projects/Netro/lottery/main/system/Database/MySQLi/Connection.php(292): mysqli->query()
#1 /home/hiranya/Desktop/Projects/Netro/lottery/main/system/Database/BaseConnection.php(693): CodeIgniter\Database\MySQLi\Connection->execute()
#2 /home/hiranya/Desktop/Projects/Netro/lottery/main/system/Database/BaseConnection.php(620): CodeIgniter\Database\BaseConnection->simpleQuery()
#3 /home/hiranya/Desktop/Projects/Netro/lottery/main/system/Database/BaseBuilder.php(1778): CodeIgniter\Database\BaseConnection->query()
#4 /home/hiranya/Desktop/Projects/Netro/lottery/main/system/Model.php(312): CodeIgniter\Database\BaseBuilder->insertBatch()
#5 /home/hiranya/Desktop/Projects/Netro/lottery/main/system/BaseModel.php(834): CodeIgniter\Model->doInsertBatch()
#6 /home/hiranya/Desktop/Projects/Netro/lottery/main/app/Controllers/GameController.php(149): CodeIgniter\BaseModel->insertBatch()
#7 /home/hiranya/Desktop/Projects/Netro/lottery/main/app/Controllers/GameController.php(90): App\Controllers\GameController->generateTickets()
#8 /home/hiranya/Desktop/Projects/Netro/lottery/main/system/CodeIgniter.php(902): App\Controllers\GameController->create()
#9 /home/hiranya/Desktop/Projects/Netro/lottery/main/system/CodeIgniter.php(457): CodeIgniter\CodeIgniter->runController()
#10 /home/hiranya/Desktop/Projects/Netro/lottery/main/system/CodeIgniter.php(340): CodeIgniter\CodeIgniter->handleRequest()
#11 /home/hiranya/Desktop/Projects/Netro/lottery/main/public/index.php(67): CodeIgniter\CodeIgniter->run()
#12 /home/hiranya/Desktop/Projects/Netro/lottery/main/system/Commands/Server/rewrite.php(46): require_once('/home/hiranya/D...')
#13 {main}
ERROR - 2023-01-10 20:03:03 --> mysqli_sql_exception: Data truncated for column 'win_position' at row 1 in /home/hiranya/Desktop/Projects/Netro/lottery/main/system/Database/MySQLi/Connection.php:292
Stack trace:
#0 /home/hiranya/Desktop/Projects/Netro/lottery/main/system/Database/MySQLi/Connection.php(292): mysqli->query()
#1 /home/hiranya/Desktop/Projects/Netro/lottery/main/system/Database/BaseConnection.php(693): CodeIgniter\Database\MySQLi\Connection->execute()
#2 /home/hiranya/Desktop/Projects/Netro/lottery/main/system/Database/BaseConnection.php(620): CodeIgniter\Database\BaseConnection->simpleQuery()
#3 /home/hiranya/Desktop/Projects/Netro/lottery/main/system/Database/BaseBuilder.php(1778): CodeIgniter\Database\BaseConnection->query()
#4 /home/hiranya/Desktop/Projects/Netro/lottery/main/system/Model.php(312): CodeIgniter\Database\BaseBuilder->insertBatch()
#5 /home/hiranya/Desktop/Projects/Netro/lottery/main/system/BaseModel.php(834): CodeIgniter\Model->doInsertBatch()
#6 /home/hiranya/Desktop/Projects/Netro/lottery/main/app/Controllers/GameController.php(150): CodeIgniter\BaseModel->insertBatch()
#7 /home/hiranya/Desktop/Projects/Netro/lottery/main/app/Controllers/GameController.php(90): App\Controllers\GameController->generateTickets()
#8 /home/hiranya/Desktop/Projects/Netro/lottery/main/system/CodeIgniter.php(902): App\Controllers\GameController->create()
#9 /home/hiranya/Desktop/Projects/Netro/lottery/main/system/CodeIgniter.php(457): CodeIgniter\CodeIgniter->runController()
#10 /home/hiranya/Desktop/Projects/Netro/lottery/main/system/CodeIgniter.php(340): CodeIgniter\CodeIgniter->handleRequest()
#11 /home/hiranya/Desktop/Projects/Netro/lottery/main/public/index.php(67): CodeIgniter\CodeIgniter->run()
#12 /home/hiranya/Desktop/Projects/Netro/lottery/main/system/Commands/Server/rewrite.php(46): require_once('/home/hiranya/D...')
#13 {main}
ERROR - 2023-01-10 20:03:33 --> mysqli_sql_exception: Data truncated for column 'win_position' at row 1 in /home/hiranya/Desktop/Projects/Netro/lottery/main/system/Database/MySQLi/Connection.php:292
Stack trace:
#0 /home/hiranya/Desktop/Projects/Netro/lottery/main/system/Database/MySQLi/Connection.php(292): mysqli->query()
#1 /home/hiranya/Desktop/Projects/Netro/lottery/main/system/Database/BaseConnection.php(693): CodeIgniter\Database\MySQLi\Connection->execute()
#2 /home/hiranya/Desktop/Projects/Netro/lottery/main/system/Database/BaseConnection.php(620): CodeIgniter\Database\BaseConnection->simpleQuery()
#3 /home/hiranya/Desktop/Projects/Netro/lottery/main/system/Database/BaseBuilder.php(1778): CodeIgniter\Database\BaseConnection->query()
#4 /home/hiranya/Desktop/Projects/Netro/lottery/main/system/Model.php(312): CodeIgniter\Database\BaseBuilder->insertBatch()
#5 /home/hiranya/Desktop/Projects/Netro/lottery/main/system/BaseModel.php(834): CodeIgniter\Model->doInsertBatch()
#6 /home/hiranya/Desktop/Projects/Netro/lottery/main/app/Controllers/GameController.php(150): CodeIgniter\BaseModel->insertBatch()
#7 /home/hiranya/Desktop/Projects/Netro/lottery/main/app/Controllers/GameController.php(90): App\Controllers\GameController->generateTickets()
#8 /home/hiranya/Desktop/Projects/Netro/lottery/main/system/CodeIgniter.php(902): App\Controllers\GameController->create()
#9 /home/hiranya/Desktop/Projects/Netro/lottery/main/system/CodeIgniter.php(457): CodeIgniter\CodeIgniter->runController()
#10 /home/hiranya/Desktop/Projects/Netro/lottery/main/system/CodeIgniter.php(340): CodeIgniter\CodeIgniter->handleRequest()
#11 /home/hiranya/Desktop/Projects/Netro/lottery/main/public/index.php(67): CodeIgniter\CodeIgniter->run()
#12 /home/hiranya/Desktop/Projects/Netro/lottery/main/system/Commands/Server/rewrite.php(46): require_once('/home/hiranya/D...')
#13 {main}
ERROR - 2023-01-10 20:07:17 --> mysqli_sql_exception: Data truncated for column 'win_position' at row 1 in /home/hiranya/Desktop/Projects/Netro/lottery/main/system/Database/MySQLi/Connection.php:292
Stack trace:
#0 /home/hiranya/Desktop/Projects/Netro/lottery/main/system/Database/MySQLi/Connection.php(292): mysqli->query()
#1 /home/hiranya/Desktop/Projects/Netro/lottery/main/system/Database/BaseConnection.php(693): CodeIgniter\Database\MySQLi\Connection->execute()
#2 /home/hiranya/Desktop/Projects/Netro/lottery/main/system/Database/BaseConnection.php(620): CodeIgniter\Database\BaseConnection->simpleQuery()
#3 /home/hiranya/Desktop/Projects/Netro/lottery/main/system/Database/BaseBuilder.php(1778): CodeIgniter\Database\BaseConnection->query()
#4 /home/hiranya/Desktop/Projects/Netro/lottery/main/system/Model.php(312): CodeIgniter\Database\BaseBuilder->insertBatch()
#5 /home/hiranya/Desktop/Projects/Netro/lottery/main/system/BaseModel.php(834): CodeIgniter\Model->doInsertBatch()
#6 /home/hiranya/Desktop/Projects/Netro/lottery/main/app/Controllers/GameController.php(151): CodeIgniter\BaseModel->insertBatch()
#7 /home/hiranya/Desktop/Projects/Netro/lottery/main/app/Controllers/GameController.php(90): App\Controllers\GameController->generateTickets()
#8 /home/hiranya/Desktop/Projects/Netro/lottery/main/system/CodeIgniter.php(902): App\Controllers\GameController->create()
#9 /home/hiranya/Desktop/Projects/Netro/lottery/main/system/CodeIgniter.php(457): CodeIgniter\CodeIgniter->runController()
#10 /home/hiranya/Desktop/Projects/Netro/lottery/main/system/CodeIgniter.php(340): CodeIgniter\CodeIgniter->handleRequest()
#11 /home/hiranya/Desktop/Projects/Netro/lottery/main/public/index.php(67): CodeIgniter\CodeIgniter->run()
#12 /home/hiranya/Desktop/Projects/Netro/lottery/main/system/Commands/Server/rewrite.php(46): require_once('/home/hiranya/D...')
#13 {main}
CRITICAL - 2023-01-10 20:14:52 --> Call to undefined method App\Models\TicketModel::doInsertBatch
in SYSTEMPATH/Model.php on line 774.
 1 APPPATH/Controllers/GameController.php(152): CodeIgniter\Model->__call()
 2 APPPATH/Controllers/GameController.php(90): App\Controllers\GameController->generateTickets()
 3 SYSTEMPATH/CodeIgniter.php(902): App\Controllers\GameController->create()
 4 SYSTEMPATH/CodeIgniter.php(457): CodeIgniter\CodeIgniter->runController()
 5 SYSTEMPATH/CodeIgniter.php(340): CodeIgniter\CodeIgniter->handleRequest()
 6 FCPATH/index.php(67): CodeIgniter\CodeIgniter->run()
 7 SYSTEMPATH/Commands/Server/rewrite.php(46): require_once('FCPATH/index.php')
ERROR - 2023-01-10 20:18:43 --> mysqli_sql_exception: Data truncated for column 'win_position' at row 1 in /home/hiranya/Desktop/Projects/Netro/lottery/main/system/Database/MySQLi/Connection.php:292
Stack trace:
#0 /home/hiranya/Desktop/Projects/Netro/lottery/main/system/Database/MySQLi/Connection.php(292): mysqli->query()
#1 /home/hiranya/Desktop/Projects/Netro/lottery/main/system/Database/BaseConnection.php(693): CodeIgniter\Database\MySQLi\Connection->execute()
#2 /home/hiranya/Desktop/Projects/Netro/lottery/main/system/Database/BaseConnection.php(620): CodeIgniter\Database\BaseConnection->simpleQuery()
#3 /home/hiranya/Desktop/Projects/Netro/lottery/main/system/Database/BaseBuilder.php(1778): CodeIgniter\Database\BaseConnection->query()
#4 /home/hiranya/Desktop/Projects/Netro/lottery/main/app/Controllers/GameController.php(154): CodeIgniter\Database\BaseBuilder->insertBatch()
#5 /home/hiranya/Desktop/Projects/Netro/lottery/main/app/Controllers/GameController.php(91): App\Controllers\GameController->generateTickets()
#6 /home/hiranya/Desktop/Projects/Netro/lottery/main/system/CodeIgniter.php(902): App\Controllers\GameController->create()
#7 /home/hiranya/Desktop/Projects/Netro/lottery/main/system/CodeIgniter.php(457): CodeIgniter\CodeIgniter->runController()
#8 /home/hiranya/Desktop/Projects/Netro/lottery/main/system/CodeIgniter.php(340): CodeIgniter\CodeIgniter->handleRequest()
#9 /home/hiranya/Desktop/Projects/Netro/lottery/main/public/index.php(67): CodeIgniter\CodeIgniter->run()
#10 /home/hiranya/Desktop/Projects/Netro/lottery/main/system/Commands/Server/rewrite.php(46): require_once('/home/hiranya/D...')
#11 {main}
ERROR - 2023-01-10 20:35:42 --> mysqli_sql_exception: Data truncated for column 'win_position' at row 1 in /home/hiranya/Desktop/Projects/Netro/lottery/main/system/Database/MySQLi/Connection.php:292
Stack trace:
#0 /home/hiranya/Desktop/Projects/Netro/lottery/main/system/Database/MySQLi/Connection.php(292): mysqli->query()
#1 /home/hiranya/Desktop/Projects/Netro/lottery/main/system/Database/BaseConnection.php(693): CodeIgniter\Database\MySQLi\Connection->execute()
#2 /home/hiranya/Desktop/Projects/Netro/lottery/main/system/Database/BaseConnection.php(620): CodeIgniter\Database\BaseConnection->simpleQuery()
#3 /home/hiranya/Desktop/Projects/Netro/lottery/main/system/Database/BaseBuilder.php(1778): CodeIgniter\Database\BaseConnection->query()
#4 /home/hiranya/Desktop/Projects/Netro/lottery/main/app/Controllers/GameController.php(154): CodeIgniter\Database\BaseBuilder->insertBatch()
#5 /home/hiranya/Desktop/Projects/Netro/lottery/main/app/Controllers/GameController.php(91): App\Controllers\GameController->generateTickets()
#6 /home/hiranya/Desktop/Projects/Netro/lottery/main/system/CodeIgniter.php(902): App\Controllers\GameController->create()
#7 /home/hiranya/Desktop/Projects/Netro/lottery/main/system/CodeIgniter.php(457): CodeIgniter\CodeIgniter->runController()
#8 /home/hiranya/Desktop/Projects/Netro/lottery/main/system/CodeIgniter.php(340): CodeIgniter\CodeIgniter->handleRequest()
#9 /home/hiranya/Desktop/Projects/Netro/lottery/main/public/index.php(67): CodeIgniter\CodeIgniter->run()
#10 /home/hiranya/Desktop/Projects/Netro/lottery/main/system/Commands/Server/rewrite.php(46): require_once('/home/hiranya/D...')
#11 {main}
ERROR - 2023-01-10 20:36:19 --> mysqli_sql_exception: Data truncated for column 'win_position' at row 1 in /home/hiranya/Desktop/Projects/Netro/lottery/main/system/Database/MySQLi/Connection.php:292
Stack trace:
#0 /home/hiranya/Desktop/Projects/Netro/lottery/main/system/Database/MySQLi/Connection.php(292): mysqli->query()
#1 /home/hiranya/Desktop/Projects/Netro/lottery/main/system/Database/BaseConnection.php(693): CodeIgniter\Database\MySQLi\Connection->execute()
#2 /home/hiranya/Desktop/Projects/Netro/lottery/main/system/Database/BaseConnection.php(620): CodeIgniter\Database\BaseConnection->simpleQuery()
#3 /home/hiranya/Desktop/Projects/Netro/lottery/main/system/Database/BaseBuilder.php(1778): CodeIgniter\Database\BaseConnection->query()
#4 /home/hiranya/Desktop/Projects/Netro/lottery/main/app/Controllers/GameController.php(154): CodeIgniter\Database\BaseBuilder->insertBatch()
#5 /home/hiranya/Desktop/Projects/Netro/lottery/main/app/Controllers/GameController.php(91): App\Controllers\GameController->generateTickets()
#6 /home/hiranya/Desktop/Projects/Netro/lottery/main/system/CodeIgniter.php(902): App\Controllers\GameController->create()
#7 /home/hiranya/Desktop/Projects/Netro/lottery/main/system/CodeIgniter.php(457): CodeIgniter\CodeIgniter->runController()
#8 /home/hiranya/Desktop/Projects/Netro/lottery/main/system/CodeIgniter.php(340): CodeIgniter\CodeIgniter->handleRequest()
#9 /home/hiranya/Desktop/Projects/Netro/lottery/main/public/index.php(67): CodeIgniter\CodeIgniter->run()
#10 /home/hiranya/Desktop/Projects/Netro/lottery/main/system/Commands/Server/rewrite.php(46): require_once('/home/hiranya/D...')
#11 {main}
CRITICAL - 2023-01-10 20:43:19 --> Call to undefined method CodeIgniter\Database\MySQLi\Builder::insert_batch()
in APPPATH/Controllers/GameController.php on line 154.
 1 APPPATH/Controllers/GameController.php(91): App\Controllers\GameController->generateTickets()
 2 SYSTEMPATH/CodeIgniter.php(902): App\Controllers\GameController->create()
 3 SYSTEMPATH/CodeIgniter.php(457): CodeIgniter\CodeIgniter->runController()
 4 SYSTEMPATH/CodeIgniter.php(340): CodeIgniter\CodeIgniter->handleRequest()
 5 FCPATH/index.php(67): CodeIgniter\CodeIgniter->run()
 6 SYSTEMPATH/Commands/Server/rewrite.php(46): require_once('FCPATH/index.php')
CRITICAL - 2023-01-10 20:44:50 --> Call to undefined method App\Models\TicketModel::doInsertBatch
in SYSTEMPATH/Model.php on line 774.
 1 APPPATH/Controllers/GameController.php(152): CodeIgniter\Model->__call()
 2 APPPATH/Controllers/GameController.php(90): App\Controllers\GameController->generateTickets()
 3 SYSTEMPATH/CodeIgniter.php(902): App\Controllers\GameController->create()
 4 SYSTEMPATH/CodeIgniter.php(457): CodeIgniter\CodeIgniter->runController()
 5 SYSTEMPATH/CodeIgniter.php(340): CodeIgniter\CodeIgniter->handleRequest()
 6 FCPATH/index.php(67): CodeIgniter\CodeIgniter->run()
 7 SYSTEMPATH/Commands/Server/rewrite.php(46): require_once('FCPATH/index.php')
ERROR - 2023-01-10 20:45:02 --> mysqli_sql_exception: Field 'game_id' doesn't have a default value in /home/hiranya/Desktop/Projects/Netro/lottery/main/system/Database/MySQLi/Connection.php:292
Stack trace:
#0 /home/hiranya/Desktop/Projects/Netro/lottery/main/system/Database/MySQLi/Connection.php(292): mysqli->query()
#1 /home/hiranya/Desktop/Projects/Netro/lottery/main/system/Database/BaseConnection.php(693): CodeIgniter\Database\MySQLi\Connection->execute()
#2 /home/hiranya/Desktop/Projects/Netro/lottery/main/system/Database/BaseConnection.php(620): CodeIgniter\Database\BaseConnection->simpleQuery()
#3 /home/hiranya/Desktop/Projects/Netro/lottery/main/system/Database/BaseBuilder.php(1778): CodeIgniter\Database\BaseConnection->query()
#4 /home/hiranya/Desktop/Projects/Netro/lottery/main/system/Model.php(312): CodeIgniter\Database\BaseBuilder->insertBatch()
#5 /home/hiranya/Desktop/Projects/Netro/lottery/main/system/BaseModel.php(834): CodeIgniter\Model->doInsertBatch()
#6 /home/hiranya/Desktop/Projects/Netro/lottery/main/app/Controllers/GameController.php(152): CodeIgniter\BaseModel->insertBatch()
#7 /home/hiranya/Desktop/Projects/Netro/lottery/main/app/Controllers/GameController.php(90): App\Controllers\GameController->generateTickets()
#8 /home/hiranya/Desktop/Projects/Netro/lottery/main/system/CodeIgniter.php(902): App\Controllers\GameController->create()
#9 /home/hiranya/Desktop/Projects/Netro/lottery/main/system/CodeIgniter.php(457): CodeIgniter\CodeIgniter->runController()
#10 /home/hiranya/Desktop/Projects/Netro/lottery/main/system/CodeIgniter.php(340): CodeIgniter\CodeIgniter->handleRequest()
#11 /home/hiranya/Desktop/Projects/Netro/lottery/main/public/index.php(67): CodeIgniter\CodeIgniter->run()
#12 /home/hiranya/Desktop/Projects/Netro/lottery/main/system/Commands/Server/rewrite.php(46): require_once('/home/hiranya/D...')
#13 {main}
ERROR - 2023-01-10 20:45:16 --> mysqli_sql_exception: Data truncated for column 'win_position' at row 1 in /home/hiranya/Desktop/Projects/Netro/lottery/main/system/Database/MySQLi/Connection.php:292
Stack trace:
#0 /home/hiranya/Desktop/Projects/Netro/lottery/main/system/Database/MySQLi/Connection.php(292): mysqli->query()
#1 /home/hiranya/Desktop/Projects/Netro/lottery/main/system/Database/BaseConnection.php(693): CodeIgniter\Database\MySQLi\Connection->execute()
#2 /home/hiranya/Desktop/Projects/Netro/lottery/main/system/Database/BaseConnection.php(620): CodeIgniter\Database\BaseConnection->simpleQuery()
#3 /home/hiranya/Desktop/Projects/Netro/lottery/main/system/Database/BaseBuilder.php(1778): CodeIgniter\Database\BaseConnection->query()
#4 /home/hiranya/Desktop/Projects/Netro/lottery/main/system/Model.php(312): CodeIgniter\Database\BaseBuilder->insertBatch()
#5 /home/hiranya/Desktop/Projects/Netro/lottery/main/system/BaseModel.php(834): CodeIgniter\Model->doInsertBatch()
#6 /home/hiranya/Desktop/Projects/Netro/lottery/main/app/Controllers/GameController.php(152): CodeIgniter\BaseModel->insertBatch()
#7 /home/hiranya/Desktop/Projects/Netro/lottery/main/app/Controllers/GameController.php(90): App\Controllers\GameController->generateTickets()
#8 /home/hiranya/Desktop/Projects/Netro/lottery/main/system/CodeIgniter.php(902): App\Controllers\GameController->create()
#9 /home/hiranya/Desktop/Projects/Netro/lottery/main/system/CodeIgniter.php(457): CodeIgniter\CodeIgniter->runController()
#10 /home/hiranya/Desktop/Projects/Netro/lottery/main/system/CodeIgniter.php(340): CodeIgniter\CodeIgniter->handleRequest()
#11 /home/hiranya/Desktop/Projects/Netro/lottery/main/public/index.php(67): CodeIgniter\CodeIgniter->run()
#12 /home/hiranya/Desktop/Projects/Netro/lottery/main/system/Commands/Server/rewrite.php(46): require_once('/home/hiranya/D...')
#13 {main}
CRITICAL - 2023-01-10 21:18:12 --> json_decode() expects parameter 1 to be string, array given
in APPPATH/Controllers/GameController.php on line 130.
 1 [internal function]: CodeIgniter\Debug\Exceptions->errorHandler()
 2 APPPATH/Controllers/GameController.php(130): json_decode()
 3 SYSTEMPATH/CodeIgniter.php(902): App\Controllers\GameController->update()
 4 SYSTEMPATH/CodeIgniter.php(457): CodeIgniter\CodeIgniter->runController()
 5 SYSTEMPATH/CodeIgniter.php(340): CodeIgniter\CodeIgniter->handleRequest()
 6 FCPATH/index.php(67): CodeIgniter\CodeIgniter->run()
 7 SYSTEMPATH/Commands/Server/rewrite.php(46): require_once('FCPATH/index.php')
CRITICAL - 2023-01-10 21:19:19 --> Cannot use object of type stdClass as array
in APPPATH/Controllers/GameController.php on line 132.
 1 SYSTEMPATH/CodeIgniter.php(902): App\Controllers\GameController->update()
 2 SYSTEMPATH/CodeIgniter.php(457): CodeIgniter\CodeIgniter->runController()
 3 SYSTEMPATH/CodeIgniter.php(340): CodeIgniter\CodeIgniter->handleRequest()
 4 FCPATH/index.php(67): CodeIgniter\CodeIgniter->run()
 5 SYSTEMPATH/Commands/Server/rewrite.php(46): require_once('FCPATH/index.php')
ERROR - 2023-01-10 21:19:53 --> mysqli_sql_exception: Column 'sl_no' cannot be null in /home/hiranya/Desktop/Projects/Netro/lottery/main/system/Database/MySQLi/Connection.php:292
Stack trace:
#0 /home/hiranya/Desktop/Projects/Netro/lottery/main/system/Database/MySQLi/Connection.php(292): mysqli->query()
#1 /home/hiranya/Desktop/Projects/Netro/lottery/main/system/Database/BaseConnection.php(693): CodeIgniter\Database\MySQLi\Connection->execute()
#2 /home/hiranya/Desktop/Projects/Netro/lottery/main/system/Database/BaseConnection.php(620): CodeIgniter\Database\BaseConnection->simpleQuery()
#3 /home/hiranya/Desktop/Projects/Netro/lottery/main/system/Database/BaseBuilder.php(1778): CodeIgniter\Database\BaseConnection->query()
#4 /home/hiranya/Desktop/Projects/Netro/lottery/main/system/Model.php(312): CodeIgniter\Database\BaseBuilder->insertBatch()
#5 /home/hiranya/Desktop/Projects/Netro/lottery/main/system/BaseModel.php(834): CodeIgniter\Model->doInsertBatch()
#6 /home/hiranya/Desktop/Projects/Netro/lottery/main/app/Controllers/GameController.php(152): CodeIgniter\BaseModel->insertBatch()
#7 /home/hiranya/Desktop/Projects/Netro/lottery/main/app/Controllers/GameController.php(134): App\Controllers\GameController->generateTickets()
#8 /home/hiranya/Desktop/Projects/Netro/lottery/main/system/CodeIgniter.php(902): App\Controllers\GameController->update()
#9 /home/hiranya/Desktop/Projects/Netro/lottery/main/system/CodeIgniter.php(457): CodeIgniter\CodeIgniter->runController()
#10 /home/hiranya/Desktop/Projects/Netro/lottery/main/system/CodeIgniter.php(340): CodeIgniter\CodeIgniter->handleRequest()
#11 /home/hiranya/Desktop/Projects/Netro/lottery/main/public/index.php(67): CodeIgniter\CodeIgniter->run()
#12 /home/hiranya/Desktop/Projects/Netro/lottery/main/system/Commands/Server/rewrite.php(46): require_once('/home/hiranya/D...')
#13 {main}
ERROR - 2023-01-10 21:38:56 --> mysqli_sql_exception: Column 'sl_no' cannot be null in /home/hiranya/Desktop/Projects/Netro/lottery/main/system/Database/MySQLi/Connection.php:292
Stack trace:
#0 /home/hiranya/Desktop/Projects/Netro/lottery/main/system/Database/MySQLi/Connection.php(292): mysqli->query()
#1 /home/hiranya/Desktop/Projects/Netro/lottery/main/system/Database/BaseConnection.php(693): CodeIgniter\Database\MySQLi\Connection->execute()
#2 /home/hiranya/Desktop/Projects/Netro/lottery/main/system/Database/BaseConnection.php(620): CodeIgniter\Database\BaseConnection->simpleQuery()
#3 /home/hiranya/Desktop/Projects/Netro/lottery/main/system/Database/BaseBuilder.php(1778): CodeIgniter\Database\BaseConnection->query()
#4 /home/hiranya/Desktop/Projects/Netro/lottery/main/system/Model.php(312): CodeIgniter\Database\BaseBuilder->insertBatch()
#5 /home/hiranya/Desktop/Projects/Netro/lottery/main/system/BaseModel.php(834): CodeIgniter\Model->doInsertBatch()
#6 /home/hiranya/Desktop/Projects/Netro/lottery/main/app/Controllers/GameController.php(152): CodeIgniter\BaseModel->insertBatch()
#7 /home/hiranya/Desktop/Projects/Netro/lottery/main/app/Controllers/GameController.php(134): App\Controllers\GameController->generateTickets()
#8 /home/hiranya/Desktop/Projects/Netro/lottery/main/system/CodeIgniter.php(902): App\Controllers\GameController->update()
#9 /home/hiranya/Desktop/Projects/Netro/lottery/main/system/CodeIgniter.php(457): CodeIgniter\CodeIgniter->runController()
#10 /home/hiranya/Desktop/Projects/Netro/lottery/main/system/CodeIgniter.php(340): CodeIgniter\CodeIgniter->handleRequest()
#11 /home/hiranya/Desktop/Projects/Netro/lottery/main/public/index.php(67): CodeIgniter\CodeIgniter->run()
#12 /home/hiranya/Desktop/Projects/Netro/lottery/main/system/Commands/Server/rewrite.php(46): require_once('/home/hiranya/D...')
#13 {main}
ERROR - 2023-01-10 21:39:14 --> mysqli_sql_exception: Column 'sl_no' cannot be null in /home/hiranya/Desktop/Projects/Netro/lottery/main/system/Database/MySQLi/Connection.php:292
Stack trace:
#0 /home/hiranya/Desktop/Projects/Netro/lottery/main/system/Database/MySQLi/Connection.php(292): mysqli->query()
#1 /home/hiranya/Desktop/Projects/Netro/lottery/main/system/Database/BaseConnection.php(693): CodeIgniter\Database\MySQLi\Connection->execute()
#2 /home/hiranya/Desktop/Projects/Netro/lottery/main/system/Database/BaseConnection.php(620): CodeIgniter\Database\BaseConnection->simpleQuery()
#3 /home/hiranya/Desktop/Projects/Netro/lottery/main/system/Database/BaseBuilder.php(1778): CodeIgniter\Database\BaseConnection->query()
#4 /home/hiranya/Desktop/Projects/Netro/lottery/main/system/Model.php(312): CodeIgniter\Database\BaseBuilder->insertBatch()
#5 /home/hiranya/Desktop/Projects/Netro/lottery/main/system/BaseModel.php(834): CodeIgniter\Model->doInsertBatch()
#6 /home/hiranya/Desktop/Projects/Netro/lottery/main/app/Controllers/GameController.php(152): CodeIgniter\BaseModel->insertBatch()
#7 /home/hiranya/Desktop/Projects/Netro/lottery/main/app/Controllers/GameController.php(134): App\Controllers\GameController->generateTickets()
#8 /home/hiranya/Desktop/Projects/Netro/lottery/main/system/CodeIgniter.php(902): App\Controllers\GameController->update()
#9 /home/hiranya/Desktop/Projects/Netro/lottery/main/system/CodeIgniter.php(457): CodeIgniter\CodeIgniter->runController()
#10 /home/hiranya/Desktop/Projects/Netro/lottery/main/system/CodeIgniter.php(340): CodeIgniter\CodeIgniter->handleRequest()
#11 /home/hiranya/Desktop/Projects/Netro/lottery/main/public/index.php(67): CodeIgniter\CodeIgniter->run()
#12 /home/hiranya/Desktop/Projects/Netro/lottery/main/system/Commands/Server/rewrite.php(46): require_once('/home/hiranya/D...')
#13 {main}
ERROR - 2023-01-10 21:41:56 --> mysqli_sql_exception: Column 'sl_no' cannot be null in /home/hiranya/Desktop/Projects/Netro/lottery/main/system/Database/MySQLi/Connection.php:292
Stack trace:
#0 /home/hiranya/Desktop/Projects/Netro/lottery/main/system/Database/MySQLi/Connection.php(292): mysqli->query()
#1 /home/hiranya/Desktop/Projects/Netro/lottery/main/system/Database/BaseConnection.php(693): CodeIgniter\Database\MySQLi\Connection->execute()
#2 /home/hiranya/Desktop/Projects/Netro/lottery/main/system/Database/BaseConnection.php(620): CodeIgniter\Database\BaseConnection->simpleQuery()
#3 /home/hiranya/Desktop/Projects/Netro/lottery/main/system/Database/BaseBuilder.php(1778): CodeIgniter\Database\BaseConnection->query()
#4 /home/hiranya/Desktop/Projects/Netro/lottery/main/system/Model.php(312): CodeIgniter\Database\BaseBuilder->insertBatch()
#5 /home/hiranya/Desktop/Projects/Netro/lottery/main/system/BaseModel.php(834): CodeIgniter\Model->doInsertBatch()
#6 /home/hiranya/Desktop/Projects/Netro/lottery/main/app/Controllers/GameController.php(154): CodeIgniter\BaseModel->insertBatch()
#7 /home/hiranya/Desktop/Projects/Netro/lottery/main/app/Controllers/GameController.php(134): App\Controllers\GameController->generateTickets()
#8 /home/hiranya/Desktop/Projects/Netro/lottery/main/system/CodeIgniter.php(902): App\Controllers\GameController->update()
#9 /home/hiranya/Desktop/Projects/Netro/lottery/main/system/CodeIgniter.php(457): CodeIgniter\CodeIgniter->runController()
#10 /home/hiranya/Desktop/Projects/Netro/lottery/main/system/CodeIgniter.php(340): CodeIgniter\CodeIgniter->handleRequest()
#11 /home/hiranya/Desktop/Projects/Netro/lottery/main/public/index.php(67): CodeIgniter\CodeIgniter->run()
#12 /home/hiranya/Desktop/Projects/Netro/lottery/main/system/Commands/Server/rewrite.php(46): require_once('/home/hiranya/D...')
#13 {main}
