ERROR - 2022-12-06 19:12:19 --> mysqli_sql_exception: COLLATION 'utf8mb4_general_ci' is not valid for CHARACTER SET 'utf8' in /home/hiranya/Desktop/Projects/Netro/lottery/main/system/Database/MySQLi/Connection.php:292
Stack trace:
#0 /home/hiranya/Desktop/Projects/Netro/lottery/main/system/Database/MySQLi/Connection.php(292): mysqli->query()
#1 /home/hiranya/Desktop/Projects/Netro/lottery/main/system/Database/BaseConnection.php(693): CodeIgniter\Database\MySQLi\Connection->execute()
#2 /home/hiranya/Desktop/Projects/Netro/lottery/main/system/Database/BaseConnection.php(620): CodeIgniter\Database\BaseConnection->simpleQuery()
#3 /home/hiranya/Desktop/Projects/Netro/lottery/main/system/Database/Forge.php(509): CodeIgniter\Database\BaseConnection->query()
#4 /home/hiranya/Desktop/Projects/Netro/lottery/main/system/Database/MigrationRunner.php(806): CodeIgniter\Database\Forge->createTable()
#5 /home/hiranya/Desktop/Projects/Netro/lottery/main/system/Database/MigrationRunner.php(167): CodeIgniter\Database\MigrationRunner->ensureTable()
#6 /home/hiranya/Desktop/Projects/Netro/lottery/main/system/Commands/Database/Migrate.php(84): CodeIgniter\Database\MigrationRunner->latest()
#7 /home/hiranya/Desktop/Projects/Netro/lottery/main/system/CLI/Commands.php(63): CodeIgniter\Commands\Database\Migrate->run()
#8 /home/hiranya/Desktop/Projects/Netro/lottery/main/system/CLI/CommandRunner.php(65): CodeIgniter\CLI\Commands->run()
#9 /home/hiranya/Desktop/Projects/Netro/lottery/main/system/CLI/CommandRunner.php(51): CodeIgniter\CLI\CommandRunner->index()
#10 /home/hiranya/Desktop/Projects/Netro/lottery/main/system/CodeIgniter.php(895): CodeIgniter\CLI\CommandRunner->_remap()
#11 /home/hiranya/Desktop/Projects/Netro/lottery/main/system/CodeIgniter.php(457): CodeIgniter\CodeIgniter->runController()
#12 /home/hiranya/Desktop/Projects/Netro/lottery/main/system/CodeIgniter.php(336): CodeIgniter\CodeIgniter->handleRequest()
#13 /home/hiranya/Desktop/Projects/Netro/lottery/main/system/CLI/Console.php(48): CodeIgniter\CodeIgniter->run()
#14 /home/hiranya/Desktop/Projects/Netro/lottery/main/spark(98): CodeIgniter\CLI\Console->run()
#15 {main}
ERROR - 2022-12-06 19:12:19 --> mysqli_sql_exception: Table 'lottery.migrations' doesn't exist in /home/hiranya/Desktop/Projects/Netro/lottery/main/system/Database/MySQLi/Connection.php:292
Stack trace:
#0 /home/hiranya/Desktop/Projects/Netro/lottery/main/system/Database/MySQLi/Connection.php(292): mysqli->query()
#1 /home/hiranya/Desktop/Projects/Netro/lottery/main/system/Database/BaseConnection.php(693): CodeIgniter\Database\MySQLi\Connection->execute()
#2 /home/hiranya/Desktop/Projects/Netro/lottery/main/system/Database/BaseConnection.php(620): CodeIgniter\Database\BaseConnection->simpleQuery()
#3 /home/hiranya/Desktop/Projects/Netro/lottery/main/system/Database/BaseBuilder.php(1585): CodeIgniter\Database\BaseConnection->query()
#4 /home/hiranya/Desktop/Projects/Netro/lottery/main/system/Database/MigrationRunner.php(653): CodeIgniter\Database\BaseBuilder->get()
#5 /home/hiranya/Desktop/Projects/Netro/lottery/main/system/Database/MigrationRunner.php(180): CodeIgniter\Database\MigrationRunner->getHistory()
#6 /home/hiranya/Desktop/Projects/Netro/lottery/main/system/Commands/Database/Migrate.php(84): CodeIgniter\Database\MigrationRunner->latest()
#7 /home/hiranya/Desktop/Projects/Netro/lottery/main/system/CLI/Commands.php(63): CodeIgniter\Commands\Database\Migrate->run()
#8 /home/hiranya/Desktop/Projects/Netro/lottery/main/system/CLI/CommandRunner.php(65): CodeIgniter\CLI\Commands->run()
#9 /home/hiranya/Desktop/Projects/Netro/lottery/main/system/CLI/CommandRunner.php(51): CodeIgniter\CLI\CommandRunner->index()
#10 /home/hiranya/Desktop/Projects/Netro/lottery/main/system/CodeIgniter.php(895): CodeIgniter\CLI\CommandRunner->_remap()
#11 /home/hiranya/Desktop/Projects/Netro/lottery/main/system/CodeIgniter.php(457): CodeIgniter\CodeIgniter->runController()
#12 /home/hiranya/Desktop/Projects/Netro/lottery/main/system/CodeIgniter.php(336): CodeIgniter\CodeIgniter->handleRequest()
#13 /home/hiranya/Desktop/Projects/Netro/lottery/main/system/CLI/Console.php(48): CodeIgniter\CodeIgniter->run()
#14 /home/hiranya/Desktop/Projects/Netro/lottery/main/spark(98): CodeIgniter\CLI\Console->run()
#15 {main}
ERROR - 2022-12-06 19:12:19 --> mysqli_sql_exception: Table 'lottery.migrations' doesn't exist in /home/hiranya/Desktop/Projects/Netro/lottery/main/system/Database/MySQLi/Connection.php:292
Stack trace:
#0 /home/hiranya/Desktop/Projects/Netro/lottery/main/system/Database/MySQLi/Connection.php(292): mysqli->query()
#1 /home/hiranya/Desktop/Projects/Netro/lottery/main/system/Database/BaseConnection.php(693): CodeIgniter\Database\MySQLi\Connection->execute()
#2 /home/hiranya/Desktop/Projects/Netro/lottery/main/system/Database/BaseConnection.php(620): CodeIgniter\Database\BaseConnection->simpleQuery()
#3 /home/hiranya/Desktop/Projects/Netro/lottery/main/system/Database/BaseBuilder.php(1585): CodeIgniter\Database\BaseConnection->query()
#4 /home/hiranya/Desktop/Projects/Netro/lottery/main/system/Database/MigrationRunner.php(701): CodeIgniter\Database\BaseBuilder->get()
#5 /home/hiranya/Desktop/Projects/Netro/lottery/main/system/Database/MigrationRunner.php(184): CodeIgniter\Database\MigrationRunner->getLastBatch()
#6 /home/hiranya/Desktop/Projects/Netro/lottery/main/system/Commands/Database/Migrate.php(84): CodeIgniter\Database\MigrationRunner->latest()
#7 /home/hiranya/Desktop/Projects/Netro/lottery/main/system/CLI/Commands.php(63): CodeIgniter\Commands\Database\Migrate->run()
#8 /home/hiranya/Desktop/Projects/Netro/lottery/main/system/CLI/CommandRunner.php(65): CodeIgniter\CLI\Commands->run()
#9 /home/hiranya/Desktop/Projects/Netro/lottery/main/system/CLI/CommandRunner.php(51): CodeIgniter\CLI\CommandRunner->index()
#10 /home/hiranya/Desktop/Projects/Netro/lottery/main/system/CodeIgniter.php(895): CodeIgniter\CLI\CommandRunner->_remap()
#11 /home/hiranya/Desktop/Projects/Netro/lottery/main/system/CodeIgniter.php(457): CodeIgniter\CodeIgniter->runController()
#12 /home/hiranya/Desktop/Projects/Netro/lottery/main/system/CodeIgniter.php(336): CodeIgniter\CodeIgniter->handleRequest()
#13 /home/hiranya/Desktop/Projects/Netro/lottery/main/system/CLI/Console.php(48): CodeIgniter\CodeIgniter->run()
#14 /home/hiranya/Desktop/Projects/Netro/lottery/main/spark(98): CodeIgniter\CLI\Console->run()
#15 {main}
ERROR - 2022-12-06 19:17:37 --> mysqli_sql_exception: COLLATION 'utf8mb4_general_ci' is not valid for CHARACTER SET 'utf8' in /home/hiranya/Desktop/Projects/Netro/lottery/main/system/Database/MySQLi/Connection.php:292
Stack trace:
#0 /home/hiranya/Desktop/Projects/Netro/lottery/main/system/Database/MySQLi/Connection.php(292): mysqli->query()
#1 /home/hiranya/Desktop/Projects/Netro/lottery/main/system/Database/BaseConnection.php(693): CodeIgniter\Database\MySQLi\Connection->execute()
#2 /home/hiranya/Desktop/Projects/Netro/lottery/main/system/Database/BaseConnection.php(620): CodeIgniter\Database\BaseConnection->simpleQuery()
#3 /home/hiranya/Desktop/Projects/Netro/lottery/main/system/Database/Forge.php(509): CodeIgniter\Database\BaseConnection->query()
#4 /home/hiranya/Desktop/Projects/Netro/lottery/main/system/Database/MigrationRunner.php(806): CodeIgniter\Database\Forge->createTable()
#5 /home/hiranya/Desktop/Projects/Netro/lottery/main/system/Database/MigrationRunner.php(167): CodeIgniter\Database\MigrationRunner->ensureTable()
#6 /home/hiranya/Desktop/Projects/Netro/lottery/main/system/Commands/Database/Migrate.php(84): CodeIgniter\Database\MigrationRunner->latest()
#7 /home/hiranya/Desktop/Projects/Netro/lottery/main/system/CLI/Commands.php(63): CodeIgniter\Commands\Database\Migrate->run()
#8 /home/hiranya/Desktop/Projects/Netro/lottery/main/system/CLI/CommandRunner.php(65): CodeIgniter\CLI\Commands->run()
#9 /home/hiranya/Desktop/Projects/Netro/lottery/main/system/CLI/CommandRunner.php(51): CodeIgniter\CLI\CommandRunner->index()
#10 /home/hiranya/Desktop/Projects/Netro/lottery/main/system/CodeIgniter.php(895): CodeIgniter\CLI\CommandRunner->_remap()
#11 /home/hiranya/Desktop/Projects/Netro/lottery/main/system/CodeIgniter.php(457): CodeIgniter\CodeIgniter->runController()
#12 /home/hiranya/Desktop/Projects/Netro/lottery/main/system/CodeIgniter.php(336): CodeIgniter\CodeIgniter->handleRequest()
#13 /home/hiranya/Desktop/Projects/Netro/lottery/main/system/CLI/Console.php(48): CodeIgniter\CodeIgniter->run()
#14 /home/hiranya/Desktop/Projects/Netro/lottery/main/spark(98): CodeIgniter\CLI\Console->run()
#15 {main}
ERROR - 2022-12-06 19:17:37 --> mysqli_sql_exception: Table 'lottery.migrations' doesn't exist in /home/hiranya/Desktop/Projects/Netro/lottery/main/system/Database/MySQLi/Connection.php:292
Stack trace:
#0 /home/hiranya/Desktop/Projects/Netro/lottery/main/system/Database/MySQLi/Connection.php(292): mysqli->query()
#1 /home/hiranya/Desktop/Projects/Netro/lottery/main/system/Database/BaseConnection.php(693): CodeIgniter\Database\MySQLi\Connection->execute()
#2 /home/hiranya/Desktop/Projects/Netro/lottery/main/system/Database/BaseConnection.php(620): CodeIgniter\Database\BaseConnection->simpleQuery()
#3 /home/hiranya/Desktop/Projects/Netro/lottery/main/system/Database/BaseBuilder.php(1585): CodeIgniter\Database\BaseConnection->query()
#4 /home/hiranya/Desktop/Projects/Netro/lottery/main/system/Database/MigrationRunner.php(653): CodeIgniter\Database\BaseBuilder->get()
#5 /home/hiranya/Desktop/Projects/Netro/lottery/main/system/Database/MigrationRunner.php(180): CodeIgniter\Database\MigrationRunner->getHistory()
#6 /home/hiranya/Desktop/Projects/Netro/lottery/main/system/Commands/Database/Migrate.php(84): CodeIgniter\Database\MigrationRunner->latest()
#7 /home/hiranya/Desktop/Projects/Netro/lottery/main/system/CLI/Commands.php(63): CodeIgniter\Commands\Database\Migrate->run()
#8 /home/hiranya/Desktop/Projects/Netro/lottery/main/system/CLI/CommandRunner.php(65): CodeIgniter\CLI\Commands->run()
#9 /home/hiranya/Desktop/Projects/Netro/lottery/main/system/CLI/CommandRunner.php(51): CodeIgniter\CLI\CommandRunner->index()
#10 /home/hiranya/Desktop/Projects/Netro/lottery/main/system/CodeIgniter.php(895): CodeIgniter\CLI\CommandRunner->_remap()
#11 /home/hiranya/Desktop/Projects/Netro/lottery/main/system/CodeIgniter.php(457): CodeIgniter\CodeIgniter->runController()
#12 /home/hiranya/Desktop/Projects/Netro/lottery/main/system/CodeIgniter.php(336): CodeIgniter\CodeIgniter->handleRequest()
#13 /home/hiranya/Desktop/Projects/Netro/lottery/main/system/CLI/Console.php(48): CodeIgniter\CodeIgniter->run()
#14 /home/hiranya/Desktop/Projects/Netro/lottery/main/spark(98): CodeIgniter\CLI\Console->run()
#15 {main}
ERROR - 2022-12-06 19:17:37 --> mysqli_sql_exception: Table 'lottery.migrations' doesn't exist in /home/hiranya/Desktop/Projects/Netro/lottery/main/system/Database/MySQLi/Connection.php:292
Stack trace:
#0 /home/hiranya/Desktop/Projects/Netro/lottery/main/system/Database/MySQLi/Connection.php(292): mysqli->query()
#1 /home/hiranya/Desktop/Projects/Netro/lottery/main/system/Database/BaseConnection.php(693): CodeIgniter\Database\MySQLi\Connection->execute()
#2 /home/hiranya/Desktop/Projects/Netro/lottery/main/system/Database/BaseConnection.php(620): CodeIgniter\Database\BaseConnection->simpleQuery()
#3 /home/hiranya/Desktop/Projects/Netro/lottery/main/system/Database/BaseBuilder.php(1585): CodeIgniter\Database\BaseConnection->query()
#4 /home/hiranya/Desktop/Projects/Netro/lottery/main/system/Database/MigrationRunner.php(701): CodeIgniter\Database\BaseBuilder->get()
#5 /home/hiranya/Desktop/Projects/Netro/lottery/main/system/Database/MigrationRunner.php(184): CodeIgniter\Database\MigrationRunner->getLastBatch()
#6 /home/hiranya/Desktop/Projects/Netro/lottery/main/system/Commands/Database/Migrate.php(84): CodeIgniter\Database\MigrationRunner->latest()
#7 /home/hiranya/Desktop/Projects/Netro/lottery/main/system/CLI/Commands.php(63): CodeIgniter\Commands\Database\Migrate->run()
#8 /home/hiranya/Desktop/Projects/Netro/lottery/main/system/CLI/CommandRunner.php(65): CodeIgniter\CLI\Commands->run()
#9 /home/hiranya/Desktop/Projects/Netro/lottery/main/system/CLI/CommandRunner.php(51): CodeIgniter\CLI\CommandRunner->index()
#10 /home/hiranya/Desktop/Projects/Netro/lottery/main/system/CodeIgniter.php(895): CodeIgniter\CLI\CommandRunner->_remap()
#11 /home/hiranya/Desktop/Projects/Netro/lottery/main/system/CodeIgniter.php(457): CodeIgniter\CodeIgniter->runController()
#12 /home/hiranya/Desktop/Projects/Netro/lottery/main/system/CodeIgniter.php(336): CodeIgniter\CodeIgniter->handleRequest()
#13 /home/hiranya/Desktop/Projects/Netro/lottery/main/system/CLI/Console.php(48): CodeIgniter\CodeIgniter->run()
#14 /home/hiranya/Desktop/Projects/Netro/lottery/main/spark(98): CodeIgniter\CLI\Console->run()
#15 {main}
ERROR - 2022-12-06 19:35:54 --> mysqli_sql_exception: COLLATION 'utf8mb4_general_ci' is not valid for CHARACTER SET 'utf8' in /home/hiranya/Desktop/Projects/Netro/lottery/main/system/Database/MySQLi/Connection.php:292
Stack trace:
#0 /home/hiranya/Desktop/Projects/Netro/lottery/main/system/Database/MySQLi/Connection.php(292): mysqli->query()
#1 /home/hiranya/Desktop/Projects/Netro/lottery/main/system/Database/BaseConnection.php(693): CodeIgniter\Database\MySQLi\Connection->execute()
#2 /home/hiranya/Desktop/Projects/Netro/lottery/main/system/Database/BaseConnection.php(620): CodeIgniter\Database\BaseConnection->simpleQuery()
#3 /home/hiranya/Desktop/Projects/Netro/lottery/main/system/Database/Forge.php(509): CodeIgniter\Database\BaseConnection->query()
#4 /home/hiranya/Desktop/Projects/Netro/lottery/main/system/Database/MigrationRunner.php(806): CodeIgniter\Database\Forge->createTable()
#5 /home/hiranya/Desktop/Projects/Netro/lottery/main/system/Database/MigrationRunner.php(167): CodeIgniter\Database\MigrationRunner->ensureTable()
#6 /home/hiranya/Desktop/Projects/Netro/lottery/main/system/Commands/Database/Migrate.php(84): CodeIgniter\Database\MigrationRunner->latest()
#7 /home/hiranya/Desktop/Projects/Netro/lottery/main/system/CLI/Commands.php(63): CodeIgniter\Commands\Database\Migrate->run()
#8 /home/hiranya/Desktop/Projects/Netro/lottery/main/system/CLI/CommandRunner.php(65): CodeIgniter\CLI\Commands->run()
#9 /home/hiranya/Desktop/Projects/Netro/lottery/main/system/CLI/CommandRunner.php(51): CodeIgniter\CLI\CommandRunner->index()
#10 /home/hiranya/Desktop/Projects/Netro/lottery/main/system/CodeIgniter.php(895): CodeIgniter\CLI\CommandRunner->_remap()
#11 /home/hiranya/Desktop/Projects/Netro/lottery/main/system/CodeIgniter.php(457): CodeIgniter\CodeIgniter->runController()
#12 /home/hiranya/Desktop/Projects/Netro/lottery/main/system/CodeIgniter.php(336): CodeIgniter\CodeIgniter->handleRequest()
#13 /home/hiranya/Desktop/Projects/Netro/lottery/main/system/CLI/Console.php(48): CodeIgniter\CodeIgniter->run()
#14 /home/hiranya/Desktop/Projects/Netro/lottery/main/spark(98): CodeIgniter\CLI\Console->run()
#15 {main}
ERROR - 2022-12-06 19:35:54 --> mysqli_sql_exception: Table 'lottery.migrations' doesn't exist in /home/hiranya/Desktop/Projects/Netro/lottery/main/system/Database/MySQLi/Connection.php:292
Stack trace:
#0 /home/hiranya/Desktop/Projects/Netro/lottery/main/system/Database/MySQLi/Connection.php(292): mysqli->query()
#1 /home/hiranya/Desktop/Projects/Netro/lottery/main/system/Database/BaseConnection.php(693): CodeIgniter\Database\MySQLi\Connection->execute()
#2 /home/hiranya/Desktop/Projects/Netro/lottery/main/system/Database/BaseConnection.php(620): CodeIgniter\Database\BaseConnection->simpleQuery()
#3 /home/hiranya/Desktop/Projects/Netro/lottery/main/system/Database/BaseBuilder.php(1585): CodeIgniter\Database\BaseConnection->query()
#4 /home/hiranya/Desktop/Projects/Netro/lottery/main/system/Database/MigrationRunner.php(653): CodeIgniter\Database\BaseBuilder->get()
#5 /home/hiranya/Desktop/Projects/Netro/lottery/main/system/Database/MigrationRunner.php(180): CodeIgniter\Database\MigrationRunner->getHistory()
#6 /home/hiranya/Desktop/Projects/Netro/lottery/main/system/Commands/Database/Migrate.php(84): CodeIgniter\Database\MigrationRunner->latest()
#7 /home/hiranya/Desktop/Projects/Netro/lottery/main/system/CLI/Commands.php(63): CodeIgniter\Commands\Database\Migrate->run()
#8 /home/hiranya/Desktop/Projects/Netro/lottery/main/system/CLI/CommandRunner.php(65): CodeIgniter\CLI\Commands->run()
#9 /home/hiranya/Desktop/Projects/Netro/lottery/main/system/CLI/CommandRunner.php(51): CodeIgniter\CLI\CommandRunner->index()
#10 /home/hiranya/Desktop/Projects/Netro/lottery/main/system/CodeIgniter.php(895): CodeIgniter\CLI\CommandRunner->_remap()
#11 /home/hiranya/Desktop/Projects/Netro/lottery/main/system/CodeIgniter.php(457): CodeIgniter\CodeIgniter->runController()
#12 /home/hiranya/Desktop/Projects/Netro/lottery/main/system/CodeIgniter.php(336): CodeIgniter\CodeIgniter->handleRequest()
#13 /home/hiranya/Desktop/Projects/Netro/lottery/main/system/CLI/Console.php(48): CodeIgniter\CodeIgniter->run()
#14 /home/hiranya/Desktop/Projects/Netro/lottery/main/spark(98): CodeIgniter\CLI\Console->run()
#15 {main}
ERROR - 2022-12-06 19:35:54 --> mysqli_sql_exception: Table 'lottery.migrations' doesn't exist in /home/hiranya/Desktop/Projects/Netro/lottery/main/system/Database/MySQLi/Connection.php:292
Stack trace:
#0 /home/hiranya/Desktop/Projects/Netro/lottery/main/system/Database/MySQLi/Connection.php(292): mysqli->query()
#1 /home/hiranya/Desktop/Projects/Netro/lottery/main/system/Database/BaseConnection.php(693): CodeIgniter\Database\MySQLi\Connection->execute()
#2 /home/hiranya/Desktop/Projects/Netro/lottery/main/system/Database/BaseConnection.php(620): CodeIgniter\Database\BaseConnection->simpleQuery()
#3 /home/hiranya/Desktop/Projects/Netro/lottery/main/system/Database/BaseBuilder.php(1585): CodeIgniter\Database\BaseConnection->query()
#4 /home/hiranya/Desktop/Projects/Netro/lottery/main/system/Database/MigrationRunner.php(701): CodeIgniter\Database\BaseBuilder->get()
#5 /home/hiranya/Desktop/Projects/Netro/lottery/main/system/Database/MigrationRunner.php(184): CodeIgniter\Database\MigrationRunner->getLastBatch()
#6 /home/hiranya/Desktop/Projects/Netro/lottery/main/system/Commands/Database/Migrate.php(84): CodeIgniter\Database\MigrationRunner->latest()
#7 /home/hiranya/Desktop/Projects/Netro/lottery/main/system/CLI/Commands.php(63): CodeIgniter\Commands\Database\Migrate->run()
#8 /home/hiranya/Desktop/Projects/Netro/lottery/main/system/CLI/CommandRunner.php(65): CodeIgniter\CLI\Commands->run()
#9 /home/hiranya/Desktop/Projects/Netro/lottery/main/system/CLI/CommandRunner.php(51): CodeIgniter\CLI\CommandRunner->index()
#10 /home/hiranya/Desktop/Projects/Netro/lottery/main/system/CodeIgniter.php(895): CodeIgniter\CLI\CommandRunner->_remap()
#11 /home/hiranya/Desktop/Projects/Netro/lottery/main/system/CodeIgniter.php(457): CodeIgniter\CodeIgniter->runController()
#12 /home/hiranya/Desktop/Projects/Netro/lottery/main/system/CodeIgniter.php(336): CodeIgniter\CodeIgniter->handleRequest()
#13 /home/hiranya/Desktop/Projects/Netro/lottery/main/system/CLI/Console.php(48): CodeIgniter\CodeIgniter->run()
#14 /home/hiranya/Desktop/Projects/Netro/lottery/main/spark(98): CodeIgniter\CLI\Console->run()
#15 {main}
ERROR - 2022-12-06 19:36:19 --> mysqli_sql_exception: COLLATION 'utf8mb4_general_ci' is not valid for CHARACTER SET 'utf8' in /home/hiranya/Desktop/Projects/Netro/lottery/main/system/Database/MySQLi/Connection.php:292
Stack trace:
#0 /home/hiranya/Desktop/Projects/Netro/lottery/main/system/Database/MySQLi/Connection.php(292): mysqli->query()
#1 /home/hiranya/Desktop/Projects/Netro/lottery/main/system/Database/BaseConnection.php(693): CodeIgniter\Database\MySQLi\Connection->execute()
#2 /home/hiranya/Desktop/Projects/Netro/lottery/main/system/Database/BaseConnection.php(620): CodeIgniter\Database\BaseConnection->simpleQuery()
#3 /home/hiranya/Desktop/Projects/Netro/lottery/main/system/Database/Forge.php(509): CodeIgniter\Database\BaseConnection->query()
#4 /home/hiranya/Desktop/Projects/Netro/lottery/main/system/Database/MigrationRunner.php(806): CodeIgniter\Database\Forge->createTable()
#5 /home/hiranya/Desktop/Projects/Netro/lottery/main/system/Database/MigrationRunner.php(167): CodeIgniter\Database\MigrationRunner->ensureTable()
#6 /home/hiranya/Desktop/Projects/Netro/lottery/main/system/Commands/Database/Migrate.php(84): CodeIgniter\Database\MigrationRunner->latest()
#7 /home/hiranya/Desktop/Projects/Netro/lottery/main/system/CLI/Commands.php(63): CodeIgniter\Commands\Database\Migrate->run()
#8 /home/hiranya/Desktop/Projects/Netro/lottery/main/system/CLI/CommandRunner.php(65): CodeIgniter\CLI\Commands->run()
#9 /home/hiranya/Desktop/Projects/Netro/lottery/main/system/CLI/CommandRunner.php(51): CodeIgniter\CLI\CommandRunner->index()
#10 /home/hiranya/Desktop/Projects/Netro/lottery/main/system/CodeIgniter.php(895): CodeIgniter\CLI\CommandRunner->_remap()
#11 /home/hiranya/Desktop/Projects/Netro/lottery/main/system/CodeIgniter.php(457): CodeIgniter\CodeIgniter->runController()
#12 /home/hiranya/Desktop/Projects/Netro/lottery/main/system/CodeIgniter.php(336): CodeIgniter\CodeIgniter->handleRequest()
#13 /home/hiranya/Desktop/Projects/Netro/lottery/main/system/CLI/Console.php(48): CodeIgniter\CodeIgniter->run()
#14 /home/hiranya/Desktop/Projects/Netro/lottery/main/spark(98): CodeIgniter\CLI\Console->run()
#15 {main}
ERROR - 2022-12-06 19:36:19 --> mysqli_sql_exception: Table 'lottery.migrations' doesn't exist in /home/hiranya/Desktop/Projects/Netro/lottery/main/system/Database/MySQLi/Connection.php:292
Stack trace:
#0 /home/hiranya/Desktop/Projects/Netro/lottery/main/system/Database/MySQLi/Connection.php(292): mysqli->query()
#1 /home/hiranya/Desktop/Projects/Netro/lottery/main/system/Database/BaseConnection.php(693): CodeIgniter\Database\MySQLi\Connection->execute()
#2 /home/hiranya/Desktop/Projects/Netro/lottery/main/system/Database/BaseConnection.php(620): CodeIgniter\Database\BaseConnection->simpleQuery()
#3 /home/hiranya/Desktop/Projects/Netro/lottery/main/system/Database/BaseBuilder.php(1585): CodeIgniter\Database\BaseConnection->query()
#4 /home/hiranya/Desktop/Projects/Netro/lottery/main/system/Database/MigrationRunner.php(653): CodeIgniter\Database\BaseBuilder->get()
#5 /home/hiranya/Desktop/Projects/Netro/lottery/main/system/Database/MigrationRunner.php(180): CodeIgniter\Database\MigrationRunner->getHistory()
#6 /home/hiranya/Desktop/Projects/Netro/lottery/main/system/Commands/Database/Migrate.php(84): CodeIgniter\Database\MigrationRunner->latest()
#7 /home/hiranya/Desktop/Projects/Netro/lottery/main/system/CLI/Commands.php(63): CodeIgniter\Commands\Database\Migrate->run()
#8 /home/hiranya/Desktop/Projects/Netro/lottery/main/system/CLI/CommandRunner.php(65): CodeIgniter\CLI\Commands->run()
#9 /home/hiranya/Desktop/Projects/Netro/lottery/main/system/CLI/CommandRunner.php(51): CodeIgniter\CLI\CommandRunner->index()
#10 /home/hiranya/Desktop/Projects/Netro/lottery/main/system/CodeIgniter.php(895): CodeIgniter\CLI\CommandRunner->_remap()
#11 /home/hiranya/Desktop/Projects/Netro/lottery/main/system/CodeIgniter.php(457): CodeIgniter\CodeIgniter->runController()
#12 /home/hiranya/Desktop/Projects/Netro/lottery/main/system/CodeIgniter.php(336): CodeIgniter\CodeIgniter->handleRequest()
#13 /home/hiranya/Desktop/Projects/Netro/lottery/main/system/CLI/Console.php(48): CodeIgniter\CodeIgniter->run()
#14 /home/hiranya/Desktop/Projects/Netro/lottery/main/spark(98): CodeIgniter\CLI\Console->run()
#15 {main}
ERROR - 2022-12-06 19:36:19 --> mysqli_sql_exception: Table 'lottery.migrations' doesn't exist in /home/hiranya/Desktop/Projects/Netro/lottery/main/system/Database/MySQLi/Connection.php:292
Stack trace:
#0 /home/hiranya/Desktop/Projects/Netro/lottery/main/system/Database/MySQLi/Connection.php(292): mysqli->query()
#1 /home/hiranya/Desktop/Projects/Netro/lottery/main/system/Database/BaseConnection.php(693): CodeIgniter\Database\MySQLi\Connection->execute()
#2 /home/hiranya/Desktop/Projects/Netro/lottery/main/system/Database/BaseConnection.php(620): CodeIgniter\Database\BaseConnection->simpleQuery()
#3 /home/hiranya/Desktop/Projects/Netro/lottery/main/system/Database/BaseBuilder.php(1585): CodeIgniter\Database\BaseConnection->query()
#4 /home/hiranya/Desktop/Projects/Netro/lottery/main/system/Database/MigrationRunner.php(701): CodeIgniter\Database\BaseBuilder->get()
#5 /home/hiranya/Desktop/Projects/Netro/lottery/main/system/Database/MigrationRunner.php(184): CodeIgniter\Database\MigrationRunner->getLastBatch()
#6 /home/hiranya/Desktop/Projects/Netro/lottery/main/system/Commands/Database/Migrate.php(84): CodeIgniter\Database\MigrationRunner->latest()
#7 /home/hiranya/Desktop/Projects/Netro/lottery/main/system/CLI/Commands.php(63): CodeIgniter\Commands\Database\Migrate->run()
#8 /home/hiranya/Desktop/Projects/Netro/lottery/main/system/CLI/CommandRunner.php(65): CodeIgniter\CLI\Commands->run()
#9 /home/hiranya/Desktop/Projects/Netro/lottery/main/system/CLI/CommandRunner.php(51): CodeIgniter\CLI\CommandRunner->index()
#10 /home/hiranya/Desktop/Projects/Netro/lottery/main/system/CodeIgniter.php(895): CodeIgniter\CLI\CommandRunner->_remap()
#11 /home/hiranya/Desktop/Projects/Netro/lottery/main/system/CodeIgniter.php(457): CodeIgniter\CodeIgniter->runController()
#12 /home/hiranya/Desktop/Projects/Netro/lottery/main/system/CodeIgniter.php(336): CodeIgniter\CodeIgniter->handleRequest()
#13 /home/hiranya/Desktop/Projects/Netro/lottery/main/system/CLI/Console.php(48): CodeIgniter\CodeIgniter->run()
#14 /home/hiranya/Desktop/Projects/Netro/lottery/main/spark(98): CodeIgniter\CLI\Console->run()
#15 {main}
ERROR - 2022-12-06 19:36:31 --> mysqli_sql_exception: COLLATION 'utf8mb4_general_ci' is not valid for CHARACTER SET 'utf8' in /home/hiranya/Desktop/Projects/Netro/lottery/main/system/Database/MySQLi/Connection.php:292
Stack trace:
#0 /home/hiranya/Desktop/Projects/Netro/lottery/main/system/Database/MySQLi/Connection.php(292): mysqli->query()
#1 /home/hiranya/Desktop/Projects/Netro/lottery/main/system/Database/BaseConnection.php(693): CodeIgniter\Database\MySQLi\Connection->execute()
#2 /home/hiranya/Desktop/Projects/Netro/lottery/main/system/Database/BaseConnection.php(620): CodeIgniter\Database\BaseConnection->simpleQuery()
#3 /home/hiranya/Desktop/Projects/Netro/lottery/main/system/Database/Forge.php(509): CodeIgniter\Database\BaseConnection->query()
#4 /home/hiranya/Desktop/Projects/Netro/lottery/main/system/Database/MigrationRunner.php(806): CodeIgniter\Database\Forge->createTable()
#5 /home/hiranya/Desktop/Projects/Netro/lottery/main/system/Database/MigrationRunner.php(167): CodeIgniter\Database\MigrationRunner->ensureTable()
#6 /home/hiranya/Desktop/Projects/Netro/lottery/main/system/Commands/Database/Migrate.php(84): CodeIgniter\Database\MigrationRunner->latest()
#7 /home/hiranya/Desktop/Projects/Netro/lottery/main/system/CLI/Commands.php(63): CodeIgniter\Commands\Database\Migrate->run()
#8 /home/hiranya/Desktop/Projects/Netro/lottery/main/system/CLI/CommandRunner.php(65): CodeIgniter\CLI\Commands->run()
#9 /home/hiranya/Desktop/Projects/Netro/lottery/main/system/CLI/CommandRunner.php(51): CodeIgniter\CLI\CommandRunner->index()
#10 /home/hiranya/Desktop/Projects/Netro/lottery/main/system/CodeIgniter.php(895): CodeIgniter\CLI\CommandRunner->_remap()
#11 /home/hiranya/Desktop/Projects/Netro/lottery/main/system/CodeIgniter.php(457): CodeIgniter\CodeIgniter->runController()
#12 /home/hiranya/Desktop/Projects/Netro/lottery/main/system/CodeIgniter.php(336): CodeIgniter\CodeIgniter->handleRequest()
#13 /home/hiranya/Desktop/Projects/Netro/lottery/main/system/CLI/Console.php(48): CodeIgniter\CodeIgniter->run()
#14 /home/hiranya/Desktop/Projects/Netro/lottery/main/spark(98): CodeIgniter\CLI\Console->run()
#15 {main}
ERROR - 2022-12-06 19:36:31 --> mysqli_sql_exception: Table 'lottery.migrations' doesn't exist in /home/hiranya/Desktop/Projects/Netro/lottery/main/system/Database/MySQLi/Connection.php:292
Stack trace:
#0 /home/hiranya/Desktop/Projects/Netro/lottery/main/system/Database/MySQLi/Connection.php(292): mysqli->query()
#1 /home/hiranya/Desktop/Projects/Netro/lottery/main/system/Database/BaseConnection.php(693): CodeIgniter\Database\MySQLi\Connection->execute()
#2 /home/hiranya/Desktop/Projects/Netro/lottery/main/system/Database/BaseConnection.php(620): CodeIgniter\Database\BaseConnection->simpleQuery()
#3 /home/hiranya/Desktop/Projects/Netro/lottery/main/system/Database/BaseBuilder.php(1585): CodeIgniter\Database\BaseConnection->query()
#4 /home/hiranya/Desktop/Projects/Netro/lottery/main/system/Database/MigrationRunner.php(653): CodeIgniter\Database\BaseBuilder->get()
#5 /home/hiranya/Desktop/Projects/Netro/lottery/main/system/Database/MigrationRunner.php(180): CodeIgniter\Database\MigrationRunner->getHistory()
#6 /home/hiranya/Desktop/Projects/Netro/lottery/main/system/Commands/Database/Migrate.php(84): CodeIgniter\Database\MigrationRunner->latest()
#7 /home/hiranya/Desktop/Projects/Netro/lottery/main/system/CLI/Commands.php(63): CodeIgniter\Commands\Database\Migrate->run()
#8 /home/hiranya/Desktop/Projects/Netro/lottery/main/system/CLI/CommandRunner.php(65): CodeIgniter\CLI\Commands->run()
#9 /home/hiranya/Desktop/Projects/Netro/lottery/main/system/CLI/CommandRunner.php(51): CodeIgniter\CLI\CommandRunner->index()
#10 /home/hiranya/Desktop/Projects/Netro/lottery/main/system/CodeIgniter.php(895): CodeIgniter\CLI\CommandRunner->_remap()
#11 /home/hiranya/Desktop/Projects/Netro/lottery/main/system/CodeIgniter.php(457): CodeIgniter\CodeIgniter->runController()
#12 /home/hiranya/Desktop/Projects/Netro/lottery/main/system/CodeIgniter.php(336): CodeIgniter\CodeIgniter->handleRequest()
#13 /home/hiranya/Desktop/Projects/Netro/lottery/main/system/CLI/Console.php(48): CodeIgniter\CodeIgniter->run()
#14 /home/hiranya/Desktop/Projects/Netro/lottery/main/spark(98): CodeIgniter\CLI\Console->run()
#15 {main}
ERROR - 2022-12-06 19:36:31 --> mysqli_sql_exception: Table 'lottery.migrations' doesn't exist in /home/hiranya/Desktop/Projects/Netro/lottery/main/system/Database/MySQLi/Connection.php:292
Stack trace:
#0 /home/hiranya/Desktop/Projects/Netro/lottery/main/system/Database/MySQLi/Connection.php(292): mysqli->query()
#1 /home/hiranya/Desktop/Projects/Netro/lottery/main/system/Database/BaseConnection.php(693): CodeIgniter\Database\MySQLi\Connection->execute()
#2 /home/hiranya/Desktop/Projects/Netro/lottery/main/system/Database/BaseConnection.php(620): CodeIgniter\Database\BaseConnection->simpleQuery()
#3 /home/hiranya/Desktop/Projects/Netro/lottery/main/system/Database/BaseBuilder.php(1585): CodeIgniter\Database\BaseConnection->query()
#4 /home/hiranya/Desktop/Projects/Netro/lottery/main/system/Database/MigrationRunner.php(701): CodeIgniter\Database\BaseBuilder->get()
#5 /home/hiranya/Desktop/Projects/Netro/lottery/main/system/Database/MigrationRunner.php(184): CodeIgniter\Database\MigrationRunner->getLastBatch()
#6 /home/hiranya/Desktop/Projects/Netro/lottery/main/system/Commands/Database/Migrate.php(84): CodeIgniter\Database\MigrationRunner->latest()
#7 /home/hiranya/Desktop/Projects/Netro/lottery/main/system/CLI/Commands.php(63): CodeIgniter\Commands\Database\Migrate->run()
#8 /home/hiranya/Desktop/Projects/Netro/lottery/main/system/CLI/CommandRunner.php(65): CodeIgniter\CLI\Commands->run()
#9 /home/hiranya/Desktop/Projects/Netro/lottery/main/system/CLI/CommandRunner.php(51): CodeIgniter\CLI\CommandRunner->index()
#10 /home/hiranya/Desktop/Projects/Netro/lottery/main/system/CodeIgniter.php(895): CodeIgniter\CLI\CommandRunner->_remap()
#11 /home/hiranya/Desktop/Projects/Netro/lottery/main/system/CodeIgniter.php(457): CodeIgniter\CodeIgniter->runController()
#12 /home/hiranya/Desktop/Projects/Netro/lottery/main/system/CodeIgniter.php(336): CodeIgniter\CodeIgniter->handleRequest()
#13 /home/hiranya/Desktop/Projects/Netro/lottery/main/system/CLI/Console.php(48): CodeIgniter\CodeIgniter->run()
#14 /home/hiranya/Desktop/Projects/Netro/lottery/main/spark(98): CodeIgniter\CLI\Console->run()
#15 {main}
ERROR - 2022-12-06 19:41:14 --> mysqli_sql_exception: COLLATION 'utf8mb4_general_ci' is not valid for CHARACTER SET 'utf8' in /home/hiranya/Desktop/Projects/Netro/lottery/main/system/Database/MySQLi/Connection.php:292
Stack trace:
#0 /home/hiranya/Desktop/Projects/Netro/lottery/main/system/Database/MySQLi/Connection.php(292): mysqli->query()
#1 /home/hiranya/Desktop/Projects/Netro/lottery/main/system/Database/BaseConnection.php(693): CodeIgniter\Database\MySQLi\Connection->execute()
#2 /home/hiranya/Desktop/Projects/Netro/lottery/main/system/Database/BaseConnection.php(620): CodeIgniter\Database\BaseConnection->simpleQuery()
#3 /home/hiranya/Desktop/Projects/Netro/lottery/main/system/Database/Forge.php(509): CodeIgniter\Database\BaseConnection->query()
#4 /home/hiranya/Desktop/Projects/Netro/lottery/main/system/Database/MigrationRunner.php(806): CodeIgniter\Database\Forge->createTable()
#5 /home/hiranya/Desktop/Projects/Netro/lottery/main/system/Database/MigrationRunner.php(167): CodeIgniter\Database\MigrationRunner->ensureTable()
#6 /home/hiranya/Desktop/Projects/Netro/lottery/main/system/Commands/Database/Migrate.php(84): CodeIgniter\Database\MigrationRunner->latest()
#7 /home/hiranya/Desktop/Projects/Netro/lottery/main/system/CLI/Commands.php(63): CodeIgniter\Commands\Database\Migrate->run()
#8 /home/hiranya/Desktop/Projects/Netro/lottery/main/system/CLI/CommandRunner.php(65): CodeIgniter\CLI\Commands->run()
#9 /home/hiranya/Desktop/Projects/Netro/lottery/main/system/CLI/CommandRunner.php(51): CodeIgniter\CLI\CommandRunner->index()
#10 /home/hiranya/Desktop/Projects/Netro/lottery/main/system/CodeIgniter.php(895): CodeIgniter\CLI\CommandRunner->_remap()
#11 /home/hiranya/Desktop/Projects/Netro/lottery/main/system/CodeIgniter.php(457): CodeIgniter\CodeIgniter->runController()
#12 /home/hiranya/Desktop/Projects/Netro/lottery/main/system/CodeIgniter.php(336): CodeIgniter\CodeIgniter->handleRequest()
#13 /home/hiranya/Desktop/Projects/Netro/lottery/main/system/CLI/Console.php(48): CodeIgniter\CodeIgniter->run()
#14 /home/hiranya/Desktop/Projects/Netro/lottery/main/spark(98): CodeIgniter\CLI\Console->run()
#15 {main}
ERROR - 2022-12-06 19:45:55 --> mysqli_sql_exception: COLLATION 'utf8mb4_general_ci' is not valid for CHARACTER SET 'utf8' in /home/hiranya/Desktop/Projects/Netro/lottery/main/system/Database/MySQLi/Connection.php:292
Stack trace:
#0 /home/hiranya/Desktop/Projects/Netro/lottery/main/system/Database/MySQLi/Connection.php(292): mysqli->query()
#1 /home/hiranya/Desktop/Projects/Netro/lottery/main/system/Database/BaseConnection.php(693): CodeIgniter\Database\MySQLi\Connection->execute()
#2 /home/hiranya/Desktop/Projects/Netro/lottery/main/system/Database/BaseConnection.php(620): CodeIgniter\Database\BaseConnection->simpleQuery()
#3 /home/hiranya/Desktop/Projects/Netro/lottery/main/system/Database/Forge.php(509): CodeIgniter\Database\BaseConnection->query()
#4 /home/hiranya/Desktop/Projects/Netro/lottery/main/system/Database/MigrationRunner.php(806): CodeIgniter\Database\Forge->createTable()
#5 /home/hiranya/Desktop/Projects/Netro/lottery/main/system/Database/MigrationRunner.php(167): CodeIgniter\Database\MigrationRunner->ensureTable()
#6 /home/hiranya/Desktop/Projects/Netro/lottery/main/system/Commands/Database/Migrate.php(84): CodeIgniter\Database\MigrationRunner->latest()
#7 /home/hiranya/Desktop/Projects/Netro/lottery/main/system/CLI/Commands.php(63): CodeIgniter\Commands\Database\Migrate->run()
#8 /home/hiranya/Desktop/Projects/Netro/lottery/main/system/CLI/CommandRunner.php(65): CodeIgniter\CLI\Commands->run()
#9 /home/hiranya/Desktop/Projects/Netro/lottery/main/system/CLI/CommandRunner.php(51): CodeIgniter\CLI\CommandRunner->index()
#10 /home/hiranya/Desktop/Projects/Netro/lottery/main/system/CodeIgniter.php(895): CodeIgniter\CLI\CommandRunner->_remap()
#11 /home/hiranya/Desktop/Projects/Netro/lottery/main/system/CodeIgniter.php(457): CodeIgniter\CodeIgniter->runController()
#12 /home/hiranya/Desktop/Projects/Netro/lottery/main/system/CodeIgniter.php(336): CodeIgniter\CodeIgniter->handleRequest()
#13 /home/hiranya/Desktop/Projects/Netro/lottery/main/system/CLI/Console.php(48): CodeIgniter\CodeIgniter->run()
#14 /home/hiranya/Desktop/Projects/Netro/lottery/main/spark(98): CodeIgniter\CLI\Console->run()
#15 {main}
ERROR - 2022-12-06 19:45:55 --> mysqli_sql_exception: Table 'lottery.migrations' doesn't exist in /home/hiranya/Desktop/Projects/Netro/lottery/main/system/Database/MySQLi/Connection.php:292
Stack trace:
#0 /home/hiranya/Desktop/Projects/Netro/lottery/main/system/Database/MySQLi/Connection.php(292): mysqli->query()
#1 /home/hiranya/Desktop/Projects/Netro/lottery/main/system/Database/BaseConnection.php(693): CodeIgniter\Database\MySQLi\Connection->execute()
#2 /home/hiranya/Desktop/Projects/Netro/lottery/main/system/Database/BaseConnection.php(620): CodeIgniter\Database\BaseConnection->simpleQuery()
#3 /home/hiranya/Desktop/Projects/Netro/lottery/main/system/Database/BaseBuilder.php(1585): CodeIgniter\Database\BaseConnection->query()
#4 /home/hiranya/Desktop/Projects/Netro/lottery/main/system/Database/MigrationRunner.php(653): CodeIgniter\Database\BaseBuilder->get()
#5 /home/hiranya/Desktop/Projects/Netro/lottery/main/system/Database/MigrationRunner.php(180): CodeIgniter\Database\MigrationRunner->getHistory()
#6 /home/hiranya/Desktop/Projects/Netro/lottery/main/system/Commands/Database/Migrate.php(84): CodeIgniter\Database\MigrationRunner->latest()
#7 /home/hiranya/Desktop/Projects/Netro/lottery/main/system/CLI/Commands.php(63): CodeIgniter\Commands\Database\Migrate->run()
#8 /home/hiranya/Desktop/Projects/Netro/lottery/main/system/CLI/CommandRunner.php(65): CodeIgniter\CLI\Commands->run()
#9 /home/hiranya/Desktop/Projects/Netro/lottery/main/system/CLI/CommandRunner.php(51): CodeIgniter\CLI\CommandRunner->index()
#10 /home/hiranya/Desktop/Projects/Netro/lottery/main/system/CodeIgniter.php(895): CodeIgniter\CLI\CommandRunner->_remap()
#11 /home/hiranya/Desktop/Projects/Netro/lottery/main/system/CodeIgniter.php(457): CodeIgniter\CodeIgniter->runController()
#12 /home/hiranya/Desktop/Projects/Netro/lottery/main/system/CodeIgniter.php(336): CodeIgniter\CodeIgniter->handleRequest()
#13 /home/hiranya/Desktop/Projects/Netro/lottery/main/system/CLI/Console.php(48): CodeIgniter\CodeIgniter->run()
#14 /home/hiranya/Desktop/Projects/Netro/lottery/main/spark(98): CodeIgniter\CLI\Console->run()
#15 {main}
ERROR - 2022-12-06 19:45:55 --> mysqli_sql_exception: Table 'lottery.migrations' doesn't exist in /home/hiranya/Desktop/Projects/Netro/lottery/main/system/Database/MySQLi/Connection.php:292
Stack trace:
#0 /home/hiranya/Desktop/Projects/Netro/lottery/main/system/Database/MySQLi/Connection.php(292): mysqli->query()
#1 /home/hiranya/Desktop/Projects/Netro/lottery/main/system/Database/BaseConnection.php(693): CodeIgniter\Database\MySQLi\Connection->execute()
#2 /home/hiranya/Desktop/Projects/Netro/lottery/main/system/Database/BaseConnection.php(620): CodeIgniter\Database\BaseConnection->simpleQuery()
#3 /home/hiranya/Desktop/Projects/Netro/lottery/main/system/Database/BaseBuilder.php(1585): CodeIgniter\Database\BaseConnection->query()
#4 /home/hiranya/Desktop/Projects/Netro/lottery/main/system/Database/MigrationRunner.php(701): CodeIgniter\Database\BaseBuilder->get()
#5 /home/hiranya/Desktop/Projects/Netro/lottery/main/system/Database/MigrationRunner.php(184): CodeIgniter\Database\MigrationRunner->getLastBatch()
#6 /home/hiranya/Desktop/Projects/Netro/lottery/main/system/Commands/Database/Migrate.php(84): CodeIgniter\Database\MigrationRunner->latest()
#7 /home/hiranya/Desktop/Projects/Netro/lottery/main/system/CLI/Commands.php(63): CodeIgniter\Commands\Database\Migrate->run()
#8 /home/hiranya/Desktop/Projects/Netro/lottery/main/system/CLI/CommandRunner.php(65): CodeIgniter\CLI\Commands->run()
#9 /home/hiranya/Desktop/Projects/Netro/lottery/main/system/CLI/CommandRunner.php(51): CodeIgniter\CLI\CommandRunner->index()
#10 /home/hiranya/Desktop/Projects/Netro/lottery/main/system/CodeIgniter.php(895): CodeIgniter\CLI\CommandRunner->_remap()
#11 /home/hiranya/Desktop/Projects/Netro/lottery/main/system/CodeIgniter.php(457): CodeIgniter\CodeIgniter->runController()
#12 /home/hiranya/Desktop/Projects/Netro/lottery/main/system/CodeIgniter.php(336): CodeIgniter\CodeIgniter->handleRequest()
#13 /home/hiranya/Desktop/Projects/Netro/lottery/main/system/CLI/Console.php(48): CodeIgniter\CodeIgniter->run()
#14 /home/hiranya/Desktop/Projects/Netro/lottery/main/spark(98): CodeIgniter\CLI\Console->run()
#15 {main}
ERROR - 2022-12-06 20:01:29 --> mysqli_sql_exception: COLLATION 'utf8mb4_general_ci' is not valid for CHARACTER SET 'utf8' in /home/hiranya/Desktop/Projects/Netro/lottery/main/system/Database/MySQLi/Connection.php:292
Stack trace:
#0 /home/hiranya/Desktop/Projects/Netro/lottery/main/system/Database/MySQLi/Connection.php(292): mysqli->query()
#1 /home/hiranya/Desktop/Projects/Netro/lottery/main/system/Database/BaseConnection.php(693): CodeIgniter\Database\MySQLi\Connection->execute()
#2 /home/hiranya/Desktop/Projects/Netro/lottery/main/system/Database/BaseConnection.php(620): CodeIgniter\Database\BaseConnection->simpleQuery()
#3 /home/hiranya/Desktop/Projects/Netro/lottery/main/system/Database/Forge.php(509): CodeIgniter\Database\BaseConnection->query()
#4 /home/hiranya/Desktop/Projects/Netro/lottery/main/system/Database/MigrationRunner.php(806): CodeIgniter\Database\Forge->createTable()
#5 /home/hiranya/Desktop/Projects/Netro/lottery/main/system/Database/MigrationRunner.php(167): CodeIgniter\Database\MigrationRunner->ensureTable()
#6 /home/hiranya/Desktop/Projects/Netro/lottery/main/system/Commands/Database/Migrate.php(84): CodeIgniter\Database\MigrationRunner->latest()
#7 /home/hiranya/Desktop/Projects/Netro/lottery/main/system/CLI/Commands.php(63): CodeIgniter\Commands\Database\Migrate->run()
#8 /home/hiranya/Desktop/Projects/Netro/lottery/main/system/CLI/CommandRunner.php(65): CodeIgniter\CLI\Commands->run()
#9 /home/hiranya/Desktop/Projects/Netro/lottery/main/system/CLI/CommandRunner.php(51): CodeIgniter\CLI\CommandRunner->index()
#10 /home/hiranya/Desktop/Projects/Netro/lottery/main/system/CodeIgniter.php(895): CodeIgniter\CLI\CommandRunner->_remap()
#11 /home/hiranya/Desktop/Projects/Netro/lottery/main/system/CodeIgniter.php(457): CodeIgniter\CodeIgniter->runController()
#12 /home/hiranya/Desktop/Projects/Netro/lottery/main/system/CodeIgniter.php(336): CodeIgniter\CodeIgniter->handleRequest()
#13 /home/hiranya/Desktop/Projects/Netro/lottery/main/system/CLI/Console.php(48): CodeIgniter\CodeIgniter->run()
#14 /home/hiranya/Desktop/Projects/Netro/lottery/main/spark(98): CodeIgniter\CLI\Console->run()
#15 {main}
ERROR - 2022-12-06 20:01:29 --> mysqli_sql_exception: Table 'lottery.migrations' doesn't exist in /home/hiranya/Desktop/Projects/Netro/lottery/main/system/Database/MySQLi/Connection.php:292
Stack trace:
#0 /home/hiranya/Desktop/Projects/Netro/lottery/main/system/Database/MySQLi/Connection.php(292): mysqli->query()
#1 /home/hiranya/Desktop/Projects/Netro/lottery/main/system/Database/BaseConnection.php(693): CodeIgniter\Database\MySQLi\Connection->execute()
#2 /home/hiranya/Desktop/Projects/Netro/lottery/main/system/Database/BaseConnection.php(620): CodeIgniter\Database\BaseConnection->simpleQuery()
#3 /home/hiranya/Desktop/Projects/Netro/lottery/main/system/Database/BaseBuilder.php(1585): CodeIgniter\Database\BaseConnection->query()
#4 /home/hiranya/Desktop/Projects/Netro/lottery/main/system/Database/MigrationRunner.php(653): CodeIgniter\Database\BaseBuilder->get()
#5 /home/hiranya/Desktop/Projects/Netro/lottery/main/system/Database/MigrationRunner.php(180): CodeIgniter\Database\MigrationRunner->getHistory()
#6 /home/hiranya/Desktop/Projects/Netro/lottery/main/system/Commands/Database/Migrate.php(84): CodeIgniter\Database\MigrationRunner->latest()
#7 /home/hiranya/Desktop/Projects/Netro/lottery/main/system/CLI/Commands.php(63): CodeIgniter\Commands\Database\Migrate->run()
#8 /home/hiranya/Desktop/Projects/Netro/lottery/main/system/CLI/CommandRunner.php(65): CodeIgniter\CLI\Commands->run()
#9 /home/hiranya/Desktop/Projects/Netro/lottery/main/system/CLI/CommandRunner.php(51): CodeIgniter\CLI\CommandRunner->index()
#10 /home/hiranya/Desktop/Projects/Netro/lottery/main/system/CodeIgniter.php(895): CodeIgniter\CLI\CommandRunner->_remap()
#11 /home/hiranya/Desktop/Projects/Netro/lottery/main/system/CodeIgniter.php(457): CodeIgniter\CodeIgniter->runController()
#12 /home/hiranya/Desktop/Projects/Netro/lottery/main/system/CodeIgniter.php(336): CodeIgniter\CodeIgniter->handleRequest()
#13 /home/hiranya/Desktop/Projects/Netro/lottery/main/system/CLI/Console.php(48): CodeIgniter\CodeIgniter->run()
#14 /home/hiranya/Desktop/Projects/Netro/lottery/main/spark(98): CodeIgniter\CLI\Console->run()
#15 {main}
ERROR - 2022-12-06 20:01:29 --> mysqli_sql_exception: Table 'lottery.migrations' doesn't exist in /home/hiranya/Desktop/Projects/Netro/lottery/main/system/Database/MySQLi/Connection.php:292
Stack trace:
#0 /home/hiranya/Desktop/Projects/Netro/lottery/main/system/Database/MySQLi/Connection.php(292): mysqli->query()
#1 /home/hiranya/Desktop/Projects/Netro/lottery/main/system/Database/BaseConnection.php(693): CodeIgniter\Database\MySQLi\Connection->execute()
#2 /home/hiranya/Desktop/Projects/Netro/lottery/main/system/Database/BaseConnection.php(620): CodeIgniter\Database\BaseConnection->simpleQuery()
#3 /home/hiranya/Desktop/Projects/Netro/lottery/main/system/Database/BaseBuilder.php(1585): CodeIgniter\Database\BaseConnection->query()
#4 /home/hiranya/Desktop/Projects/Netro/lottery/main/system/Database/MigrationRunner.php(701): CodeIgniter\Database\BaseBuilder->get()
#5 /home/hiranya/Desktop/Projects/Netro/lottery/main/system/Database/MigrationRunner.php(184): CodeIgniter\Database\MigrationRunner->getLastBatch()
#6 /home/hiranya/Desktop/Projects/Netro/lottery/main/system/Commands/Database/Migrate.php(84): CodeIgniter\Database\MigrationRunner->latest()
#7 /home/hiranya/Desktop/Projects/Netro/lottery/main/system/CLI/Commands.php(63): CodeIgniter\Commands\Database\Migrate->run()
#8 /home/hiranya/Desktop/Projects/Netro/lottery/main/system/CLI/CommandRunner.php(65): CodeIgniter\CLI\Commands->run()
#9 /home/hiranya/Desktop/Projects/Netro/lottery/main/system/CLI/CommandRunner.php(51): CodeIgniter\CLI\CommandRunner->index()
#10 /home/hiranya/Desktop/Projects/Netro/lottery/main/system/CodeIgniter.php(895): CodeIgniter\CLI\CommandRunner->_remap()
#11 /home/hiranya/Desktop/Projects/Netro/lottery/main/system/CodeIgniter.php(457): CodeIgniter\CodeIgniter->runController()
#12 /home/hiranya/Desktop/Projects/Netro/lottery/main/system/CodeIgniter.php(336): CodeIgniter\CodeIgniter->handleRequest()
#13 /home/hiranya/Desktop/Projects/Netro/lottery/main/system/CLI/Console.php(48): CodeIgniter\CodeIgniter->run()
#14 /home/hiranya/Desktop/Projects/Netro/lottery/main/spark(98): CodeIgniter\CLI\Console->run()
#15 {main}
ERROR - 2022-12-06 20:06:58 --> mysqli_sql_exception: COLLATION 'utf8mb4_general_ci' is not valid for CHARACTER SET 'utf8' in /home/hiranya/Desktop/Projects/Netro/lottery/main/system/Database/MySQLi/Connection.php:292
Stack trace:
#0 /home/hiranya/Desktop/Projects/Netro/lottery/main/system/Database/MySQLi/Connection.php(292): mysqli->query()
#1 /home/hiranya/Desktop/Projects/Netro/lottery/main/system/Database/BaseConnection.php(693): CodeIgniter\Database\MySQLi\Connection->execute()
#2 /home/hiranya/Desktop/Projects/Netro/lottery/main/system/Database/BaseConnection.php(620): CodeIgniter\Database\BaseConnection->simpleQuery()
#3 /home/hiranya/Desktop/Projects/Netro/lottery/main/system/Database/Forge.php(509): CodeIgniter\Database\BaseConnection->query()
#4 /home/hiranya/Desktop/Projects/Netro/lottery/main/system/Database/MigrationRunner.php(806): CodeIgniter\Database\Forge->createTable()
#5 /home/hiranya/Desktop/Projects/Netro/lottery/main/system/Database/MigrationRunner.php(167): CodeIgniter\Database\MigrationRunner->ensureTable()
#6 /home/hiranya/Desktop/Projects/Netro/lottery/main/system/Commands/Database/Migrate.php(84): CodeIgniter\Database\MigrationRunner->latest()
#7 /home/hiranya/Desktop/Projects/Netro/lottery/main/system/CLI/Commands.php(63): CodeIgniter\Commands\Database\Migrate->run()
#8 /home/hiranya/Desktop/Projects/Netro/lottery/main/system/CLI/CommandRunner.php(65): CodeIgniter\CLI\Commands->run()
#9 /home/hiranya/Desktop/Projects/Netro/lottery/main/system/CLI/CommandRunner.php(51): CodeIgniter\CLI\CommandRunner->index()
#10 /home/hiranya/Desktop/Projects/Netro/lottery/main/system/CodeIgniter.php(895): CodeIgniter\CLI\CommandRunner->_remap()
#11 /home/hiranya/Desktop/Projects/Netro/lottery/main/system/CodeIgniter.php(457): CodeIgniter\CodeIgniter->runController()
#12 /home/hiranya/Desktop/Projects/Netro/lottery/main/system/CodeIgniter.php(336): CodeIgniter\CodeIgniter->handleRequest()
#13 /home/hiranya/Desktop/Projects/Netro/lottery/main/system/CLI/Console.php(48): CodeIgniter\CodeIgniter->run()
#14 /home/hiranya/Desktop/Projects/Netro/lottery/main/spark(98): CodeIgniter\CLI\Console->run()
#15 {main}
ERROR - 2022-12-06 20:06:58 --> mysqli_sql_exception: Table 'lottery.migrations' doesn't exist in /home/hiranya/Desktop/Projects/Netro/lottery/main/system/Database/MySQLi/Connection.php:292
Stack trace:
#0 /home/hiranya/Desktop/Projects/Netro/lottery/main/system/Database/MySQLi/Connection.php(292): mysqli->query()
#1 /home/hiranya/Desktop/Projects/Netro/lottery/main/system/Database/BaseConnection.php(693): CodeIgniter\Database\MySQLi\Connection->execute()
#2 /home/hiranya/Desktop/Projects/Netro/lottery/main/system/Database/BaseConnection.php(620): CodeIgniter\Database\BaseConnection->simpleQuery()
#3 /home/hiranya/Desktop/Projects/Netro/lottery/main/system/Database/BaseBuilder.php(1585): CodeIgniter\Database\BaseConnection->query()
#4 /home/hiranya/Desktop/Projects/Netro/lottery/main/system/Database/MigrationRunner.php(653): CodeIgniter\Database\BaseBuilder->get()
#5 /home/hiranya/Desktop/Projects/Netro/lottery/main/system/Database/MigrationRunner.php(180): CodeIgniter\Database\MigrationRunner->getHistory()
#6 /home/hiranya/Desktop/Projects/Netro/lottery/main/system/Commands/Database/Migrate.php(84): CodeIgniter\Database\MigrationRunner->latest()
#7 /home/hiranya/Desktop/Projects/Netro/lottery/main/system/CLI/Commands.php(63): CodeIgniter\Commands\Database\Migrate->run()
#8 /home/hiranya/Desktop/Projects/Netro/lottery/main/system/CLI/CommandRunner.php(65): CodeIgniter\CLI\Commands->run()
#9 /home/hiranya/Desktop/Projects/Netro/lottery/main/system/CLI/CommandRunner.php(51): CodeIgniter\CLI\CommandRunner->index()
#10 /home/hiranya/Desktop/Projects/Netro/lottery/main/system/CodeIgniter.php(895): CodeIgniter\CLI\CommandRunner->_remap()
#11 /home/hiranya/Desktop/Projects/Netro/lottery/main/system/CodeIgniter.php(457): CodeIgniter\CodeIgniter->runController()
#12 /home/hiranya/Desktop/Projects/Netro/lottery/main/system/CodeIgniter.php(336): CodeIgniter\CodeIgniter->handleRequest()
#13 /home/hiranya/Desktop/Projects/Netro/lottery/main/system/CLI/Console.php(48): CodeIgniter\CodeIgniter->run()
#14 /home/hiranya/Desktop/Projects/Netro/lottery/main/spark(98): CodeIgniter\CLI\Console->run()
#15 {main}
ERROR - 2022-12-06 20:06:58 --> mysqli_sql_exception: Table 'lottery.migrations' doesn't exist in /home/hiranya/Desktop/Projects/Netro/lottery/main/system/Database/MySQLi/Connection.php:292
Stack trace:
#0 /home/hiranya/Desktop/Projects/Netro/lottery/main/system/Database/MySQLi/Connection.php(292): mysqli->query()
#1 /home/hiranya/Desktop/Projects/Netro/lottery/main/system/Database/BaseConnection.php(693): CodeIgniter\Database\MySQLi\Connection->execute()
#2 /home/hiranya/Desktop/Projects/Netro/lottery/main/system/Database/BaseConnection.php(620): CodeIgniter\Database\BaseConnection->simpleQuery()
#3 /home/hiranya/Desktop/Projects/Netro/lottery/main/system/Database/BaseBuilder.php(1585): CodeIgniter\Database\BaseConnection->query()
#4 /home/hiranya/Desktop/Projects/Netro/lottery/main/system/Database/MigrationRunner.php(701): CodeIgniter\Database\BaseBuilder->get()
#5 /home/hiranya/Desktop/Projects/Netro/lottery/main/system/Database/MigrationRunner.php(184): CodeIgniter\Database\MigrationRunner->getLastBatch()
#6 /home/hiranya/Desktop/Projects/Netro/lottery/main/system/Commands/Database/Migrate.php(84): CodeIgniter\Database\MigrationRunner->latest()
#7 /home/hiranya/Desktop/Projects/Netro/lottery/main/system/CLI/Commands.php(63): CodeIgniter\Commands\Database\Migrate->run()
#8 /home/hiranya/Desktop/Projects/Netro/lottery/main/system/CLI/CommandRunner.php(65): CodeIgniter\CLI\Commands->run()
#9 /home/hiranya/Desktop/Projects/Netro/lottery/main/system/CLI/CommandRunner.php(51): CodeIgniter\CLI\CommandRunner->index()
#10 /home/hiranya/Desktop/Projects/Netro/lottery/main/system/CodeIgniter.php(895): CodeIgniter\CLI\CommandRunner->_remap()
#11 /home/hiranya/Desktop/Projects/Netro/lottery/main/system/CodeIgniter.php(457): CodeIgniter\CodeIgniter->runController()
#12 /home/hiranya/Desktop/Projects/Netro/lottery/main/system/CodeIgniter.php(336): CodeIgniter\CodeIgniter->handleRequest()
#13 /home/hiranya/Desktop/Projects/Netro/lottery/main/system/CLI/Console.php(48): CodeIgniter\CodeIgniter->run()
#14 /home/hiranya/Desktop/Projects/Netro/lottery/main/spark(98): CodeIgniter\CLI\Console->run()
#15 {main}
ERROR - 2022-12-06 20:07:23 --> mysqli_sql_exception: COLLATION 'utf8mb4_general_ci' is not valid for CHARACTER SET 'utf8' in /home/hiranya/Desktop/Projects/Netro/lottery/main/system/Database/MySQLi/Connection.php:292
Stack trace:
#0 /home/hiranya/Desktop/Projects/Netro/lottery/main/system/Database/MySQLi/Connection.php(292): mysqli->query()
#1 /home/hiranya/Desktop/Projects/Netro/lottery/main/system/Database/BaseConnection.php(693): CodeIgniter\Database\MySQLi\Connection->execute()
#2 /home/hiranya/Desktop/Projects/Netro/lottery/main/system/Database/BaseConnection.php(620): CodeIgniter\Database\BaseConnection->simpleQuery()
#3 /home/hiranya/Desktop/Projects/Netro/lottery/main/system/Database/Forge.php(509): CodeIgniter\Database\BaseConnection->query()
#4 /home/hiranya/Desktop/Projects/Netro/lottery/main/system/Database/MigrationRunner.php(806): CodeIgniter\Database\Forge->createTable()
#5 /home/hiranya/Desktop/Projects/Netro/lottery/main/system/Database/MigrationRunner.php(167): CodeIgniter\Database\MigrationRunner->ensureTable()
#6 /home/hiranya/Desktop/Projects/Netro/lottery/main/system/Commands/Database/Migrate.php(84): CodeIgniter\Database\MigrationRunner->latest()
#7 /home/hiranya/Desktop/Projects/Netro/lottery/main/system/CLI/Commands.php(63): CodeIgniter\Commands\Database\Migrate->run()
#8 /home/hiranya/Desktop/Projects/Netro/lottery/main/system/CLI/CommandRunner.php(65): CodeIgniter\CLI\Commands->run()
#9 /home/hiranya/Desktop/Projects/Netro/lottery/main/system/CLI/CommandRunner.php(51): CodeIgniter\CLI\CommandRunner->index()
#10 /home/hiranya/Desktop/Projects/Netro/lottery/main/system/CodeIgniter.php(895): CodeIgniter\CLI\CommandRunner->_remap()
#11 /home/hiranya/Desktop/Projects/Netro/lottery/main/system/CodeIgniter.php(457): CodeIgniter\CodeIgniter->runController()
#12 /home/hiranya/Desktop/Projects/Netro/lottery/main/system/CodeIgniter.php(336): CodeIgniter\CodeIgniter->handleRequest()
#13 /home/hiranya/Desktop/Projects/Netro/lottery/main/system/CLI/Console.php(48): CodeIgniter\CodeIgniter->run()
#14 /home/hiranya/Desktop/Projects/Netro/lottery/main/spark(98): CodeIgniter\CLI\Console->run()
#15 {main}
ERROR - 2022-12-06 20:07:23 --> mysqli_sql_exception: Table 'lottery.migrations' doesn't exist in /home/hiranya/Desktop/Projects/Netro/lottery/main/system/Database/MySQLi/Connection.php:292
Stack trace:
#0 /home/hiranya/Desktop/Projects/Netro/lottery/main/system/Database/MySQLi/Connection.php(292): mysqli->query()
#1 /home/hiranya/Desktop/Projects/Netro/lottery/main/system/Database/BaseConnection.php(693): CodeIgniter\Database\MySQLi\Connection->execute()
#2 /home/hiranya/Desktop/Projects/Netro/lottery/main/system/Database/BaseConnection.php(620): CodeIgniter\Database\BaseConnection->simpleQuery()
#3 /home/hiranya/Desktop/Projects/Netro/lottery/main/system/Database/BaseBuilder.php(1585): CodeIgniter\Database\BaseConnection->query()
#4 /home/hiranya/Desktop/Projects/Netro/lottery/main/system/Database/MigrationRunner.php(653): CodeIgniter\Database\BaseBuilder->get()
#5 /home/hiranya/Desktop/Projects/Netro/lottery/main/system/Database/MigrationRunner.php(180): CodeIgniter\Database\MigrationRunner->getHistory()
#6 /home/hiranya/Desktop/Projects/Netro/lottery/main/system/Commands/Database/Migrate.php(84): CodeIgniter\Database\MigrationRunner->latest()
#7 /home/hiranya/Desktop/Projects/Netro/lottery/main/system/CLI/Commands.php(63): CodeIgniter\Commands\Database\Migrate->run()
#8 /home/hiranya/Desktop/Projects/Netro/lottery/main/system/CLI/CommandRunner.php(65): CodeIgniter\CLI\Commands->run()
#9 /home/hiranya/Desktop/Projects/Netro/lottery/main/system/CLI/CommandRunner.php(51): CodeIgniter\CLI\CommandRunner->index()
#10 /home/hiranya/Desktop/Projects/Netro/lottery/main/system/CodeIgniter.php(895): CodeIgniter\CLI\CommandRunner->_remap()
#11 /home/hiranya/Desktop/Projects/Netro/lottery/main/system/CodeIgniter.php(457): CodeIgniter\CodeIgniter->runController()
#12 /home/hiranya/Desktop/Projects/Netro/lottery/main/system/CodeIgniter.php(336): CodeIgniter\CodeIgniter->handleRequest()
#13 /home/hiranya/Desktop/Projects/Netro/lottery/main/system/CLI/Console.php(48): CodeIgniter\CodeIgniter->run()
#14 /home/hiranya/Desktop/Projects/Netro/lottery/main/spark(98): CodeIgniter\CLI\Console->run()
#15 {main}
ERROR - 2022-12-06 20:07:23 --> mysqli_sql_exception: Table 'lottery.migrations' doesn't exist in /home/hiranya/Desktop/Projects/Netro/lottery/main/system/Database/MySQLi/Connection.php:292
Stack trace:
#0 /home/hiranya/Desktop/Projects/Netro/lottery/main/system/Database/MySQLi/Connection.php(292): mysqli->query()
#1 /home/hiranya/Desktop/Projects/Netro/lottery/main/system/Database/BaseConnection.php(693): CodeIgniter\Database\MySQLi\Connection->execute()
#2 /home/hiranya/Desktop/Projects/Netro/lottery/main/system/Database/BaseConnection.php(620): CodeIgniter\Database\BaseConnection->simpleQuery()
#3 /home/hiranya/Desktop/Projects/Netro/lottery/main/system/Database/BaseBuilder.php(1585): CodeIgniter\Database\BaseConnection->query()
#4 /home/hiranya/Desktop/Projects/Netro/lottery/main/system/Database/MigrationRunner.php(701): CodeIgniter\Database\BaseBuilder->get()
#5 /home/hiranya/Desktop/Projects/Netro/lottery/main/system/Database/MigrationRunner.php(184): CodeIgniter\Database\MigrationRunner->getLastBatch()
#6 /home/hiranya/Desktop/Projects/Netro/lottery/main/system/Commands/Database/Migrate.php(84): CodeIgniter\Database\MigrationRunner->latest()
#7 /home/hiranya/Desktop/Projects/Netro/lottery/main/system/CLI/Commands.php(63): CodeIgniter\Commands\Database\Migrate->run()
#8 /home/hiranya/Desktop/Projects/Netro/lottery/main/system/CLI/CommandRunner.php(65): CodeIgniter\CLI\Commands->run()
#9 /home/hiranya/Desktop/Projects/Netro/lottery/main/system/CLI/CommandRunner.php(51): CodeIgniter\CLI\CommandRunner->index()
#10 /home/hiranya/Desktop/Projects/Netro/lottery/main/system/CodeIgniter.php(895): CodeIgniter\CLI\CommandRunner->_remap()
#11 /home/hiranya/Desktop/Projects/Netro/lottery/main/system/CodeIgniter.php(457): CodeIgniter\CodeIgniter->runController()
#12 /home/hiranya/Desktop/Projects/Netro/lottery/main/system/CodeIgniter.php(336): CodeIgniter\CodeIgniter->handleRequest()
#13 /home/hiranya/Desktop/Projects/Netro/lottery/main/system/CLI/Console.php(48): CodeIgniter\CodeIgniter->run()
#14 /home/hiranya/Desktop/Projects/Netro/lottery/main/spark(98): CodeIgniter\CLI\Console->run()
#15 {main}
