ERROR - 2022-11-20 20:51:47 --> Error connecting to the database: mysqli_sql_exception: No such file or directory in /home/hiranya/Desktop/Projects/Netro/lottery/main/system/Database/MySQLi/Connection.php:171
Stack trace:
#0 /home/hiranya/Desktop/Projects/Netro/lottery/main/system/Database/MySQLi/Connection.php(171): mysqli->real_connect()
#1 /home/hiranya/Desktop/Projects/Netro/lottery/main/system/Database/BaseConnection.php(382): CodeIgniter\Database\MySQLi\Connection->connect()
#2 /home/hiranya/Desktop/Projects/Netro/lottery/main/system/Database/BaseConnection.php(588): CodeIgniter\Database\BaseConnection->initialize()
#3 /home/hiranya/Desktop/Projects/Netro/lottery/main/system/Database/BaseConnection.php(1387): CodeIgniter\Database\BaseConnection->query()
#4 /home/hiranya/Desktop/Projects/Netro/lottery/main/system/Database/BaseConnection.php(1421): CodeIgniter\Database\BaseConnection->listTables()
#5 /home/hiranya/Desktop/Projects/Netro/lottery/main/system/Database/MigrationRunner.php(759): CodeIgniter\Database\BaseConnection->tableExists()
#6 /home/hiranya/Desktop/Projects/Netro/lottery/main/system/Database/MigrationRunner.php(167): CodeIgniter\Database\MigrationRunner->ensureTable()
#7 /home/hiranya/Desktop/Projects/Netro/lottery/main/system/Commands/Database/Migrate.php(84): CodeIgniter\Database\MigrationRunner->latest()
#8 /home/hiranya/Desktop/Projects/Netro/lottery/main/system/CLI/Commands.php(63): CodeIgniter\Commands\Database\Migrate->run()
#9 /home/hiranya/Desktop/Projects/Netro/lottery/main/system/CLI/CommandRunner.php(65): CodeIgniter\CLI\Commands->run()
#10 /home/hiranya/Desktop/Projects/Netro/lottery/main/system/CLI/CommandRunner.php(51): CodeIgniter\CLI\CommandRunner->index()
#11 /home/hiranya/Desktop/Projects/Netro/lottery/main/system/CodeIgniter.php(895): CodeIgniter\CLI\CommandRunner->_remap()
#12 /home/hiranya/Desktop/Projects/Netro/lottery/main/system/CodeIgniter.php(457): CodeIgniter\CodeIgniter->runController()
#13 /home/hiranya/Desktop/Projects/Netro/lottery/main/system/CodeIgniter.php(336): CodeIgniter\CodeIgniter->handleRequest()
#14 /home/hiranya/Desktop/Projects/Netro/lottery/main/system/CLI/Console.php(48): CodeIgniter\CodeIgniter->run()
#15 /home/hiranya/Desktop/Projects/Netro/lottery/main/spark(98): CodeIgniter\CLI\Console->run()
#16 {main}

Next CodeIgniter\Database\Exceptions\DatabaseException: No such file or directory in /home/hiranya/Desktop/Projects/Netro/lottery/main/system/Database/MySQLi/Connection.php:215
Stack trace:
#0 /home/hiranya/Desktop/Projects/Netro/lottery/main/system/Database/BaseConnection.php(382): CodeIgniter\Database\MySQLi\Connection->connect()
#1 /home/hiranya/Desktop/Projects/Netro/lottery/main/system/Database/BaseConnection.php(588): CodeIgniter\Database\BaseConnection->initialize()
#2 /home/hiranya/Desktop/Projects/Netro/lottery/main/system/Database/BaseConnection.php(1387): CodeIgniter\Database\BaseConnection->query()
#3 /home/hiranya/Desktop/Projects/Netro/lottery/main/system/Database/BaseConnection.php(1421): CodeIgniter\Database\BaseConnection->listTables()
#4 /home/hiranya/Desktop/Projects/Netro/lottery/main/system/Database/MigrationRunner.php(759): CodeIgniter\Database\BaseConnection->tableExists()
#5 /home/hiranya/Desktop/Projects/Netro/lottery/main/system/Database/MigrationRunner.php(167): CodeIgniter\Database\MigrationRunner->ensureTable()
#6 /home/hiranya/Desktop/Projects/Netro/lottery/main/system/Commands/Database/Migrate.php(84): CodeIgniter\Database\MigrationRunner->latest()
#7 /home/hiranya/Desktop/Projects/Netro/lottery/main/system/CLI/Commands.php(63): CodeIgniter\Commands\Database\Migrate->run()
#8 /home/hiranya/Desktop/Projects/Netro/lottery/main/system/CLI/CommandRunner.php(65): CodeIgniter\CLI\Commands->run()
#9 /home/hiranya/Desktop/Projects/Netro/lottery/main/system/CLI/CommandRunner.php(51): CodeIgniter\CLI\CommandRunner->index()
#10 /home/hiranya/Desktop/Projects/Netro/lottery/main/system/CodeIgniter.php(895): CodeIgniter\CLI\CommandRunner->_remap()
#11 /home/hiranya/Desktop/Projects/Netro/lottery/main/system/CodeIgniter.php(457): CodeIgniter\CodeIgniter->runController()
#12 /home/hiranya/Desktop/Projects/Netro/lottery/main/system/CodeIgniter.php(336): CodeIgniter\CodeIgniter->handleRequest()
#13 /home/hiranya/Desktop/Projects/Netro/lottery/main/system/CLI/Console.php(48): CodeIgniter\CodeIgniter->run()
#14 /home/hiranya/Desktop/Projects/Netro/lottery/main/spark(98): CodeIgniter\CLI\Console->run()
#15 {main}
ERROR - 2022-11-20 20:54:40 --> Error connecting to the database: mysqli_sql_exception: No such file or directory in /home/hiranya/Desktop/Projects/Netro/lottery/main/system/Database/MySQLi/Connection.php:171
Stack trace:
#0 /home/hiranya/Desktop/Projects/Netro/lottery/main/system/Database/MySQLi/Connection.php(171): mysqli->real_connect()
#1 /home/hiranya/Desktop/Projects/Netro/lottery/main/system/Database/BaseConnection.php(382): CodeIgniter\Database\MySQLi\Connection->connect()
#2 /home/hiranya/Desktop/Projects/Netro/lottery/main/system/Database/BaseConnection.php(588): CodeIgniter\Database\BaseConnection->initialize()
#3 /home/hiranya/Desktop/Projects/Netro/lottery/main/system/Database/BaseConnection.php(1387): CodeIgniter\Database\BaseConnection->query()
#4 /home/hiranya/Desktop/Projects/Netro/lottery/main/system/Database/BaseConnection.php(1421): CodeIgniter\Database\BaseConnection->listTables()
#5 /home/hiranya/Desktop/Projects/Netro/lottery/main/system/Database/MigrationRunner.php(759): CodeIgniter\Database\BaseConnection->tableExists()
#6 /home/hiranya/Desktop/Projects/Netro/lottery/main/system/Database/MigrationRunner.php(167): CodeIgniter\Database\MigrationRunner->ensureTable()
#7 /home/hiranya/Desktop/Projects/Netro/lottery/main/system/Commands/Database/Migrate.php(84): CodeIgniter\Database\MigrationRunner->latest()
#8 /home/hiranya/Desktop/Projects/Netro/lottery/main/system/CLI/Commands.php(63): CodeIgniter\Commands\Database\Migrate->run()
#9 /home/hiranya/Desktop/Projects/Netro/lottery/main/system/CLI/CommandRunner.php(65): CodeIgniter\CLI\Commands->run()
#10 /home/hiranya/Desktop/Projects/Netro/lottery/main/system/CLI/CommandRunner.php(51): CodeIgniter\CLI\CommandRunner->index()
#11 /home/hiranya/Desktop/Projects/Netro/lottery/main/system/CodeIgniter.php(895): CodeIgniter\CLI\CommandRunner->_remap()
#12 /home/hiranya/Desktop/Projects/Netro/lottery/main/system/CodeIgniter.php(457): CodeIgniter\CodeIgniter->runController()
#13 /home/hiranya/Desktop/Projects/Netro/lottery/main/system/CodeIgniter.php(336): CodeIgniter\CodeIgniter->handleRequest()
#14 /home/hiranya/Desktop/Projects/Netro/lottery/main/system/CLI/Console.php(48): CodeIgniter\CodeIgniter->run()
#15 /home/hiranya/Desktop/Projects/Netro/lottery/main/spark(98): CodeIgniter\CLI\Console->run()
#16 {main}

Next CodeIgniter\Database\Exceptions\DatabaseException: No such file or directory in /home/hiranya/Desktop/Projects/Netro/lottery/main/system/Database/MySQLi/Connection.php:215
Stack trace:
#0 /home/hiranya/Desktop/Projects/Netro/lottery/main/system/Database/BaseConnection.php(382): CodeIgniter\Database\MySQLi\Connection->connect()
#1 /home/hiranya/Desktop/Projects/Netro/lottery/main/system/Database/BaseConnection.php(588): CodeIgniter\Database\BaseConnection->initialize()
#2 /home/hiranya/Desktop/Projects/Netro/lottery/main/system/Database/BaseConnection.php(1387): CodeIgniter\Database\BaseConnection->query()
#3 /home/hiranya/Desktop/Projects/Netro/lottery/main/system/Database/BaseConnection.php(1421): CodeIgniter\Database\BaseConnection->listTables()
#4 /home/hiranya/Desktop/Projects/Netro/lottery/main/system/Database/MigrationRunner.php(759): CodeIgniter\Database\BaseConnection->tableExists()
#5 /home/hiranya/Desktop/Projects/Netro/lottery/main/system/Database/MigrationRunner.php(167): CodeIgniter\Database\MigrationRunner->ensureTable()
#6 /home/hiranya/Desktop/Projects/Netro/lottery/main/system/Commands/Database/Migrate.php(84): CodeIgniter\Database\MigrationRunner->latest()
#7 /home/hiranya/Desktop/Projects/Netro/lottery/main/system/CLI/Commands.php(63): CodeIgniter\Commands\Database\Migrate->run()
#8 /home/hiranya/Desktop/Projects/Netro/lottery/main/system/CLI/CommandRunner.php(65): CodeIgniter\CLI\Commands->run()
#9 /home/hiranya/Desktop/Projects/Netro/lottery/main/system/CLI/CommandRunner.php(51): CodeIgniter\CLI\CommandRunner->index()
#10 /home/hiranya/Desktop/Projects/Netro/lottery/main/system/CodeIgniter.php(895): CodeIgniter\CLI\CommandRunner->_remap()
#11 /home/hiranya/Desktop/Projects/Netro/lottery/main/system/CodeIgniter.php(457): CodeIgniter\CodeIgniter->runController()
#12 /home/hiranya/Desktop/Projects/Netro/lottery/main/system/CodeIgniter.php(336): CodeIgniter\CodeIgniter->handleRequest()
#13 /home/hiranya/Desktop/Projects/Netro/lottery/main/system/CLI/Console.php(48): CodeIgniter\CodeIgniter->run()
#14 /home/hiranya/Desktop/Projects/Netro/lottery/main/spark(98): CodeIgniter\CLI\Console->run()
#15 {main}
ERROR - 2022-11-20 21:02:17 --> Error connecting to the database: mysqli_sql_exception: No such file or directory in /home/hiranya/Desktop/Projects/Netro/lottery/main/system/Database/MySQLi/Connection.php:171
Stack trace:
#0 /home/hiranya/Desktop/Projects/Netro/lottery/main/system/Database/MySQLi/Connection.php(171): mysqli->real_connect()
#1 /home/hiranya/Desktop/Projects/Netro/lottery/main/system/Database/BaseConnection.php(382): CodeIgniter\Database\MySQLi\Connection->connect()
#2 /home/hiranya/Desktop/Projects/Netro/lottery/main/system/Database/BaseConnection.php(588): CodeIgniter\Database\BaseConnection->initialize()
#3 /home/hiranya/Desktop/Projects/Netro/lottery/main/system/Database/BaseConnection.php(1387): CodeIgniter\Database\BaseConnection->query()
#4 /home/hiranya/Desktop/Projects/Netro/lottery/main/system/Database/BaseConnection.php(1421): CodeIgniter\Database\BaseConnection->listTables()
#5 /home/hiranya/Desktop/Projects/Netro/lottery/main/system/Database/MigrationRunner.php(759): CodeIgniter\Database\BaseConnection->tableExists()
#6 /home/hiranya/Desktop/Projects/Netro/lottery/main/system/Database/MigrationRunner.php(167): CodeIgniter\Database\MigrationRunner->ensureTable()
#7 /home/hiranya/Desktop/Projects/Netro/lottery/main/system/Commands/Database/Migrate.php(84): CodeIgniter\Database\MigrationRunner->latest()
#8 /home/hiranya/Desktop/Projects/Netro/lottery/main/system/CLI/Commands.php(63): CodeIgniter\Commands\Database\Migrate->run()
#9 /home/hiranya/Desktop/Projects/Netro/lottery/main/system/CLI/CommandRunner.php(65): CodeIgniter\CLI\Commands->run()
#10 /home/hiranya/Desktop/Projects/Netro/lottery/main/system/CLI/CommandRunner.php(51): CodeIgniter\CLI\CommandRunner->index()
#11 /home/hiranya/Desktop/Projects/Netro/lottery/main/system/CodeIgniter.php(895): CodeIgniter\CLI\CommandRunner->_remap()
#12 /home/hiranya/Desktop/Projects/Netro/lottery/main/system/CodeIgniter.php(457): CodeIgniter\CodeIgniter->runController()
#13 /home/hiranya/Desktop/Projects/Netro/lottery/main/system/CodeIgniter.php(336): CodeIgniter\CodeIgniter->handleRequest()
#14 /home/hiranya/Desktop/Projects/Netro/lottery/main/system/CLI/Console.php(48): CodeIgniter\CodeIgniter->run()
#15 /home/hiranya/Desktop/Projects/Netro/lottery/main/spark(98): CodeIgniter\CLI\Console->run()
#16 {main}

Next CodeIgniter\Database\Exceptions\DatabaseException: No such file or directory in /home/hiranya/Desktop/Projects/Netro/lottery/main/system/Database/MySQLi/Connection.php:215
Stack trace:
#0 /home/hiranya/Desktop/Projects/Netro/lottery/main/system/Database/BaseConnection.php(382): CodeIgniter\Database\MySQLi\Connection->connect()
#1 /home/hiranya/Desktop/Projects/Netro/lottery/main/system/Database/BaseConnection.php(588): CodeIgniter\Database\BaseConnection->initialize()
#2 /home/hiranya/Desktop/Projects/Netro/lottery/main/system/Database/BaseConnection.php(1387): CodeIgniter\Database\BaseConnection->query()
#3 /home/hiranya/Desktop/Projects/Netro/lottery/main/system/Database/BaseConnection.php(1421): CodeIgniter\Database\BaseConnection->listTables()
#4 /home/hiranya/Desktop/Projects/Netro/lottery/main/system/Database/MigrationRunner.php(759): CodeIgniter\Database\BaseConnection->tableExists()
#5 /home/hiranya/Desktop/Projects/Netro/lottery/main/system/Database/MigrationRunner.php(167): CodeIgniter\Database\MigrationRunner->ensureTable()
#6 /home/hiranya/Desktop/Projects/Netro/lottery/main/system/Commands/Database/Migrate.php(84): CodeIgniter\Database\MigrationRunner->latest()
#7 /home/hiranya/Desktop/Projects/Netro/lottery/main/system/CLI/Commands.php(63): CodeIgniter\Commands\Database\Migrate->run()
#8 /home/hiranya/Desktop/Projects/Netro/lottery/main/system/CLI/CommandRunner.php(65): CodeIgniter\CLI\Commands->run()
#9 /home/hiranya/Desktop/Projects/Netro/lottery/main/system/CLI/CommandRunner.php(51): CodeIgniter\CLI\CommandRunner->index()
#10 /home/hiranya/Desktop/Projects/Netro/lottery/main/system/CodeIgniter.php(895): CodeIgniter\CLI\CommandRunner->_remap()
#11 /home/hiranya/Desktop/Projects/Netro/lottery/main/system/CodeIgniter.php(457): CodeIgniter\CodeIgniter->runController()
#12 /home/hiranya/Desktop/Projects/Netro/lottery/main/system/CodeIgniter.php(336): CodeIgniter\CodeIgniter->handleRequest()
#13 /home/hiranya/Desktop/Projects/Netro/lottery/main/system/CLI/Console.php(48): CodeIgniter\CodeIgniter->run()
#14 /home/hiranya/Desktop/Projects/Netro/lottery/main/spark(98): CodeIgniter\CLI\Console->run()
#15 {main}
ERROR - 2022-11-20 22:07:23 --> Error connecting to the database: mysqli_sql_exception: No such file or directory in /home/hiranya/Desktop/Projects/Netro/lottery/main/system/Database/MySQLi/Connection.php:171
Stack trace:
#0 /home/hiranya/Desktop/Projects/Netro/lottery/main/system/Database/MySQLi/Connection.php(171): mysqli->real_connect()
#1 /home/hiranya/Desktop/Projects/Netro/lottery/main/system/Database/BaseConnection.php(382): CodeIgniter\Database\MySQLi\Connection->connect()
#2 /home/hiranya/Desktop/Projects/Netro/lottery/main/system/Database/BaseConnection.php(588): CodeIgniter\Database\BaseConnection->initialize()
#3 /home/hiranya/Desktop/Projects/Netro/lottery/main/system/Database/BaseConnection.php(1387): CodeIgniter\Database\BaseConnection->query()
#4 /home/hiranya/Desktop/Projects/Netro/lottery/main/system/Database/BaseConnection.php(1421): CodeIgniter\Database\BaseConnection->listTables()
#5 /home/hiranya/Desktop/Projects/Netro/lottery/main/system/Database/MigrationRunner.php(759): CodeIgniter\Database\BaseConnection->tableExists()
#6 /home/hiranya/Desktop/Projects/Netro/lottery/main/system/Database/MigrationRunner.php(167): CodeIgniter\Database\MigrationRunner->ensureTable()
#7 /home/hiranya/Desktop/Projects/Netro/lottery/main/system/Commands/Database/Migrate.php(84): CodeIgniter\Database\MigrationRunner->latest()
#8 /home/hiranya/Desktop/Projects/Netro/lottery/main/system/CLI/Commands.php(63): CodeIgniter\Commands\Database\Migrate->run()
#9 /home/hiranya/Desktop/Projects/Netro/lottery/main/system/CLI/CommandRunner.php(65): CodeIgniter\CLI\Commands->run()
#10 /home/hiranya/Desktop/Projects/Netro/lottery/main/system/CLI/CommandRunner.php(51): CodeIgniter\CLI\CommandRunner->index()
#11 /home/hiranya/Desktop/Projects/Netro/lottery/main/system/CodeIgniter.php(895): CodeIgniter\CLI\CommandRunner->_remap()
#12 /home/hiranya/Desktop/Projects/Netro/lottery/main/system/CodeIgniter.php(457): CodeIgniter\CodeIgniter->runController()
#13 /home/hiranya/Desktop/Projects/Netro/lottery/main/system/CodeIgniter.php(336): CodeIgniter\CodeIgniter->handleRequest()
#14 /home/hiranya/Desktop/Projects/Netro/lottery/main/system/CLI/Console.php(48): CodeIgniter\CodeIgniter->run()
#15 /home/hiranya/Desktop/Projects/Netro/lottery/main/spark(98): CodeIgniter\CLI\Console->run()
#16 {main}

Next CodeIgniter\Database\Exceptions\DatabaseException: No such file or directory in /home/hiranya/Desktop/Projects/Netro/lottery/main/system/Database/MySQLi/Connection.php:215
Stack trace:
#0 /home/hiranya/Desktop/Projects/Netro/lottery/main/system/Database/BaseConnection.php(382): CodeIgniter\Database\MySQLi\Connection->connect()
#1 /home/hiranya/Desktop/Projects/Netro/lottery/main/system/Database/BaseConnection.php(588): CodeIgniter\Database\BaseConnection->initialize()
#2 /home/hiranya/Desktop/Projects/Netro/lottery/main/system/Database/BaseConnection.php(1387): CodeIgniter\Database\BaseConnection->query()
#3 /home/hiranya/Desktop/Projects/Netro/lottery/main/system/Database/BaseConnection.php(1421): CodeIgniter\Database\BaseConnection->listTables()
#4 /home/hiranya/Desktop/Projects/Netro/lottery/main/system/Database/MigrationRunner.php(759): CodeIgniter\Database\BaseConnection->tableExists()
#5 /home/hiranya/Desktop/Projects/Netro/lottery/main/system/Database/MigrationRunner.php(167): CodeIgniter\Database\MigrationRunner->ensureTable()
#6 /home/hiranya/Desktop/Projects/Netro/lottery/main/system/Commands/Database/Migrate.php(84): CodeIgniter\Database\MigrationRunner->latest()
#7 /home/hiranya/Desktop/Projects/Netro/lottery/main/system/CLI/Commands.php(63): CodeIgniter\Commands\Database\Migrate->run()
#8 /home/hiranya/Desktop/Projects/Netro/lottery/main/system/CLI/CommandRunner.php(65): CodeIgniter\CLI\Commands->run()
#9 /home/hiranya/Desktop/Projects/Netro/lottery/main/system/CLI/CommandRunner.php(51): CodeIgniter\CLI\CommandRunner->index()
#10 /home/hiranya/Desktop/Projects/Netro/lottery/main/system/CodeIgniter.php(895): CodeIgniter\CLI\CommandRunner->_remap()
#11 /home/hiranya/Desktop/Projects/Netro/lottery/main/system/CodeIgniter.php(457): CodeIgniter\CodeIgniter->runController()
#12 /home/hiranya/Desktop/Projects/Netro/lottery/main/system/CodeIgniter.php(336): CodeIgniter\CodeIgniter->handleRequest()
#13 /home/hiranya/Desktop/Projects/Netro/lottery/main/system/CLI/Console.php(48): CodeIgniter\CodeIgniter->run()
#14 /home/hiranya/Desktop/Projects/Netro/lottery/main/spark(98): CodeIgniter\CLI\Console->run()
#15 {main}
