CRITICAL - 2023-01-06 00:16:35 --> Call to undefined method CodeIgniter\HTTP\IncomingRequest::getVars()
in APPPATH/Controllers/GameController.php on line 26.
 1 SYSTEMPATH/CodeIgniter.php(902): App\Controllers\GameController->create()
 2 SYSTEMPATH/CodeIgniter.php(457): CodeIgniter\CodeIgniter->runController()
 3 SYSTEMPATH/CodeIgniter.php(340): CodeIgniter\CodeIgniter->handleRequest()
 4 FCPATH/index.php(67): CodeIgniter\CodeIgniter->run()
 5 SYSTEMPATH/Commands/Server/rewrite.php(46): require_once('FCPATH/index.php')
CRITICAL - 2023-01-06 01:36:46 --> Call to undefined function App\Controllers\pre()
in APPPATH/Controllers/GameController.php on line 27.
 1 SYSTEMPATH/CodeIgniter.php(902): App\Controllers\GameController->create()
 2 SYSTEMPATH/CodeIgniter.php(457): CodeIgniter\CodeIgniter->runController()
 3 SYSTEMPATH/CodeIgniter.php(340): CodeIgniter\CodeIgniter->handleRequest()
 4 FCPATH/index.php(67): CodeIgniter\CodeIgniter->run()
 5 SYSTEMPATH/Commands/Server/rewrite.php(46): require_once('FCPATH/index.php')
CRITICAL - 2023-01-06 01:37:03 --> Call to undefined function App\Controllers\dump()
in APPPATH/Controllers/GameController.php on line 27.
 1 SYSTEMPATH/CodeIgniter.php(902): App\Controllers\GameController->create()
 2 SYSTEMPATH/CodeIgniter.php(457): CodeIgniter\CodeIgniter->runController()
 3 SYSTEMPATH/CodeIgniter.php(340): CodeIgniter\CodeIgniter->handleRequest()
 4 FCPATH/index.php(67): CodeIgniter\CodeIgniter->run()
 5 SYSTEMPATH/Commands/Server/rewrite.php(46): require_once('FCPATH/index.php')
ERROR - 2023-01-06 01:43:30 --> mysqli_sql_exception: Field 'serial_no_range' doesn't have a default value in /home/hiranya/Desktop/Projects/Netro/lottery/main/system/Database/MySQLi/Connection.php:292
Stack trace:
#0 /home/hiranya/Desktop/Projects/Netro/lottery/main/system/Database/MySQLi/Connection.php(292): mysqli->query()
#1 /home/hiranya/Desktop/Projects/Netro/lottery/main/system/Database/BaseConnection.php(693): CodeIgniter\Database\MySQLi\Connection->execute()
#2 /home/hiranya/Desktop/Projects/Netro/lottery/main/system/Database/BaseConnection.php(620): CodeIgniter\Database\BaseConnection->simpleQuery()
#3 /home/hiranya/Desktop/Projects/Netro/lottery/main/system/Database/BaseBuilder.php(1916): CodeIgniter\Database\BaseConnection->query()
#4 /home/hiranya/Desktop/Projects/Netro/lottery/main/system/Model.php(279): CodeIgniter\Database\BaseBuilder->insert()
#5 /home/hiranya/Desktop/Projects/Netro/lottery/main/system/BaseModel.php(748): CodeIgniter\Model->doInsert()
#6 /home/hiranya/Desktop/Projects/Netro/lottery/main/system/Model.php(667): CodeIgniter\BaseModel->insert()
#7 /home/hiranya/Desktop/Projects/Netro/lottery/main/system/BaseModel.php(658): CodeIgniter\Model->insert()
#8 /home/hiranya/Desktop/Projects/Netro/lottery/main/app/Controllers/GameController.php(43): CodeIgniter\BaseModel->save()
#9 /home/hiranya/Desktop/Projects/Netro/lottery/main/system/CodeIgniter.php(902): App\Controllers\GameController->create()
#10 /home/hiranya/Desktop/Projects/Netro/lottery/main/system/CodeIgniter.php(457): CodeIgniter\CodeIgniter->runController()
#11 /home/hiranya/Desktop/Projects/Netro/lottery/main/system/CodeIgniter.php(340): CodeIgniter\CodeIgniter->handleRequest()
#12 /home/hiranya/Desktop/Projects/Netro/lottery/main/public/index.php(67): CodeIgniter\CodeIgniter->run()
#13 /home/hiranya/Desktop/Projects/Netro/lottery/main/system/Commands/Server/rewrite.php(46): require_once('/home/hiranya/D...')
#14 {main}
ERROR - 2023-01-06 01:47:19 --> mysqli_sql_exception: Field 'serial_no_range' doesn't have a default value in /home/hiranya/Desktop/Projects/Netro/lottery/main/system/Database/MySQLi/Connection.php:292
Stack trace:
#0 /home/hiranya/Desktop/Projects/Netro/lottery/main/system/Database/MySQLi/Connection.php(292): mysqli->query()
#1 /home/hiranya/Desktop/Projects/Netro/lottery/main/system/Database/BaseConnection.php(693): CodeIgniter\Database\MySQLi\Connection->execute()
#2 /home/hiranya/Desktop/Projects/Netro/lottery/main/system/Database/BaseConnection.php(620): CodeIgniter\Database\BaseConnection->simpleQuery()
#3 /home/hiranya/Desktop/Projects/Netro/lottery/main/system/Database/BaseBuilder.php(1916): CodeIgniter\Database\BaseConnection->query()
#4 /home/hiranya/Desktop/Projects/Netro/lottery/main/system/Model.php(279): CodeIgniter\Database\BaseBuilder->insert()
#5 /home/hiranya/Desktop/Projects/Netro/lottery/main/system/BaseModel.php(748): CodeIgniter\Model->doInsert()
#6 /home/hiranya/Desktop/Projects/Netro/lottery/main/system/Model.php(667): CodeIgniter\BaseModel->insert()
#7 /home/hiranya/Desktop/Projects/Netro/lottery/main/system/BaseModel.php(658): CodeIgniter\Model->insert()
#8 /home/hiranya/Desktop/Projects/Netro/lottery/main/app/Controllers/GameController.php(56): CodeIgniter\BaseModel->save()
#9 /home/hiranya/Desktop/Projects/Netro/lottery/main/system/CodeIgniter.php(902): App\Controllers\GameController->create()
#10 /home/hiranya/Desktop/Projects/Netro/lottery/main/system/CodeIgniter.php(457): CodeIgniter\CodeIgniter->runController()
#11 /home/hiranya/Desktop/Projects/Netro/lottery/main/system/CodeIgniter.php(340): CodeIgniter\CodeIgniter->handleRequest()
#12 /home/hiranya/Desktop/Projects/Netro/lottery/main/public/index.php(67): CodeIgniter\CodeIgniter->run()
#13 /home/hiranya/Desktop/Projects/Netro/lottery/main/system/Commands/Server/rewrite.php(46): require_once('/home/hiranya/D...')
#14 {main}
CRITICAL - 2023-01-06 16:35:48 --> Call to a member function get() on null
in APPPATH/Routes/Game.php on line 10.
 1 APPPATH/Config/Routes.php(43): require()
 2 SYSTEMPATH/CodeIgniter.php(764): require('APPPATH/Config/Routes.php')
 3 SYSTEMPATH/CodeIgniter.php(406): CodeIgniter\CodeIgniter->tryToRouteIt()
 4 SYSTEMPATH/CodeIgniter.php(340): CodeIgniter\CodeIgniter->handleRequest()
 5 FCPATH/index.php(67): CodeIgniter\CodeIgniter->run()
 6 SYSTEMPATH/Commands/Server/rewrite.php(46): require_once('FCPATH/index.php')
